{"/Users/mwchapel/PERSONALDEV/synth/src/App.js": {"path":"/Users/mwchapel/PERSONALDEV/synth/src/App.js","statementMap":{"0":{"start":{"line":15,"column":21},"end":{"line":19,"column":1}},"1":{"start":{"line":21,"column":18},"end":{"line":26,"column":1}},"2":{"start":{"line":28,"column":21},"end":{"line":36,"column":1}},"3":{"start":{"line":38,"column":21},"end":{"line":47,"column":1}},"4":{"start":{"line":50,"column":65},"end":{"line":50,"column":75}},"5":{"start":{"line":51,"column":85},"end":{"line":51,"column":101}},"6":{"start":{"line":52,"column":36},"end":{"line":52,"column":50}},"7":{"start":{"line":55,"column":2},"end":{"line":65,"column":27}},"8":{"start":{"line":56,"column":35},"end":{"line":61,"column":5}},"9":{"start":{"line":57,"column":6},"end":{"line":60,"column":7}},"10":{"start":{"line":58,"column":8},"end":{"line":58,"column":41}},"11":{"start":{"line":58,"column":19},"end":{"line":58,"column":41}},"12":{"start":{"line":59,"column":8},"end":{"line":59,"column":44}},"13":{"start":{"line":59,"column":25},"end":{"line":59,"column":44}},"14":{"start":{"line":63,"column":4},"end":{"line":63,"column":74}},"15":{"start":{"line":64,"column":4},"end":{"line":64,"column":90}},"16":{"start":{"line":64,"column":17},"end":{"line":64,"column":89}},"17":{"start":{"line":68,"column":2},"end":{"line":77,"column":14}},"18":{"start":{"line":69,"column":24},"end":{"line":73,"column":5}},"19":{"start":{"line":70,"column":6},"end":{"line":72,"column":7}},"20":{"start":{"line":71,"column":8},"end":{"line":71,"column":36}},"21":{"start":{"line":75,"column":4},"end":{"line":75,"column":68}},"22":{"start":{"line":76,"column":4},"end":{"line":76,"column":68}},"23":{"start":{"line":76,"column":17},"end":{"line":76,"column":67}},"24":{"start":{"line":79,"column":2},"end":{"line":89,"column":3}},"25":{"start":{"line":80,"column":4},"end":{"line":88,"column":6}},"26":{"start":{"line":91,"column":2},"end":{"line":176,"column":4}}},"fnMap":{"0":{"name":"App","decl":{"start":{"line":49,"column":9},"end":{"line":49,"column":12}},"loc":{"start":{"line":49,"column":15},"end":{"line":177,"column":1}},"line":49},"1":{"name":"(anonymous_1)","decl":{"start":{"line":55,"column":12},"end":{"line":55,"column":13}},"loc":{"start":{"line":55,"column":18},"end":{"line":65,"column":3}},"line":55},"2":{"name":"(anonymous_2)","decl":{"start":{"line":56,"column":35},"end":{"line":56,"column":36}},"loc":{"start":{"line":56,"column":41},"end":{"line":61,"column":5}},"line":56},"3":{"name":"(anonymous_3)","decl":{"start":{"line":64,"column":11},"end":{"line":64,"column":12}},"loc":{"start":{"line":64,"column":17},"end":{"line":64,"column":89}},"line":64},"4":{"name":"(anonymous_4)","decl":{"start":{"line":68,"column":12},"end":{"line":68,"column":13}},"loc":{"start":{"line":68,"column":18},"end":{"line":77,"column":3}},"line":68},"5":{"name":"(anonymous_5)","decl":{"start":{"line":69,"column":24},"end":{"line":69,"column":25}},"loc":{"start":{"line":69,"column":30},"end":{"line":73,"column":5}},"line":69},"6":{"name":"(anonymous_6)","decl":{"start":{"line":76,"column":11},"end":{"line":76,"column":12}},"loc":{"start":{"line":76,"column":17},"end":{"line":76,"column":67}},"line":76}},"branchMap":{"0":{"loc":{"start":{"line":57,"column":6},"end":{"line":60,"column":7}},"type":"if","locations":[{"start":{"line":57,"column":6},"end":{"line":60,"column":7}},{"start":{},"end":{}}],"line":57},"1":{"loc":{"start":{"line":58,"column":8},"end":{"line":58,"column":41}},"type":"if","locations":[{"start":{"line":58,"column":8},"end":{"line":58,"column":41}},{"start":{},"end":{}}],"line":58},"2":{"loc":{"start":{"line":59,"column":8},"end":{"line":59,"column":44}},"type":"if","locations":[{"start":{"line":59,"column":8},"end":{"line":59,"column":44}},{"start":{},"end":{}}],"line":59},"3":{"loc":{"start":{"line":70,"column":6},"end":{"line":72,"column":7}},"type":"if","locations":[{"start":{"line":70,"column":6},"end":{"line":72,"column":7}},{"start":{},"end":{}}],"line":70},"4":{"loc":{"start":{"line":79,"column":2},"end":{"line":89,"column":3}},"type":"if","locations":[{"start":{"line":79,"column":2},"end":{"line":89,"column":3}},{"start":{},"end":{}}],"line":79},"5":{"loc":{"start":{"line":99,"column":7},"end":{"line":106,"column":7}},"type":"binary-expr","locations":[{"start":{"line":99,"column":7},"end":{"line":99,"column":16}},{"start":{"line":100,"column":8},"end":{"line":105,"column":10}}],"line":99}},"s":{"0":0,"1":0,"2":0,"3":0,"4":0,"5":0,"6":0,"7":0,"8":0,"9":0,"10":0,"11":0,"12":0,"13":0,"14":0,"15":0,"16":0,"17":0,"18":0,"19":0,"20":0,"21":0,"22":0,"23":0,"24":0,"25":0,"26":0},"f":{"0":0,"1":0,"2":0,"3":0,"4":0,"5":0,"6":0},"b":{"0":[0,0],"1":[0,0],"2":[0,0],"3":[0,0],"4":[0,0],"5":[0,0]}}
,"/Users/mwchapel/PERSONALDEV/synth/src/index.js": {"path":"/Users/mwchapel/PERSONALDEV/synth/src/index.js","statementMap":{"0":{"start":{"line":5,"column":13},"end":{"line":5,"column":65}},"1":{"start":{"line":6,"column":0},"end":{"line":10,"column":2}}},"fnMap":{},"branchMap":{},"s":{"0":0,"1":0},"f":{},"b":{}}
,"/Users/mwchapel/PERSONALDEV/synth/src/audio/DrumMachine.js": {"path":"/Users/mwchapel/PERSONALDEV/synth/src/audio/DrumMachine.js","statementMap":{"0":{"start":{"line":3,"column":8},"end":{"line":3,"column":41}},"1":{"start":{"line":4,"column":8},"end":{"line":4,"column":37}},"2":{"start":{"line":5,"column":8},"end":{"line":5,"column":31}},"3":{"start":{"line":6,"column":8},"end":{"line":6,"column":29}},"4":{"start":{"line":7,"column":8},"end":{"line":7,"column":31}},"5":{"start":{"line":10,"column":8},"end":{"line":17,"column":10}},"6":{"start":{"line":20,"column":8},"end":{"line":20,"column":45}},"7":{"start":{"line":23,"column":8},"end":{"line":23,"column":30}},"8":{"start":{"line":28,"column":8},"end":{"line":28,"column":55}},"9":{"start":{"line":29,"column":8},"end":{"line":29,"column":56}},"10":{"start":{"line":30,"column":8},"end":{"line":30,"column":56}},"11":{"start":{"line":31,"column":8},"end":{"line":31,"column":55}},"12":{"start":{"line":34,"column":8},"end":{"line":34,"column":98}},"13":{"start":{"line":35,"column":8},"end":{"line":35,"column":100}},"14":{"start":{"line":36,"column":8},"end":{"line":36,"column":100}},"15":{"start":{"line":37,"column":8},"end":{"line":37,"column":93}},"16":{"start":{"line":40,"column":8},"end":{"line":40,"column":47}},"17":{"start":{"line":41,"column":8},"end":{"line":41,"column":48}},"18":{"start":{"line":42,"column":8},"end":{"line":42,"column":48}},"19":{"start":{"line":43,"column":8},"end":{"line":43,"column":47}},"20":{"start":{"line":47,"column":8},"end":{"line":47,"column":39}},"21":{"start":{"line":47,"column":32},"end":{"line":47,"column":39}},"22":{"start":{"line":49,"column":8},"end":{"line":73,"column":9}},"23":{"start":{"line":50,"column":12},"end":{"line":70,"column":13}},"24":{"start":{"line":51,"column":16},"end":{"line":51,"column":42}},"25":{"start":{"line":52,"column":16},"end":{"line":55,"column":17}},"26":{"start":{"line":53,"column":20},"end":{"line":53,"column":32}},"27":{"start":{"line":54,"column":20},"end":{"line":54,"column":33}},"28":{"start":{"line":56,"column":19},"end":{"line":70,"column":13}},"29":{"start":{"line":57,"column":16},"end":{"line":57,"column":43}},"30":{"start":{"line":59,"column":16},"end":{"line":59,"column":90}},"31":{"start":{"line":60,"column":19},"end":{"line":70,"column":13}},"32":{"start":{"line":61,"column":16},"end":{"line":61,"column":49}},"33":{"start":{"line":64,"column":16},"end":{"line":69,"column":17}},"34":{"start":{"line":65,"column":37},"end":{"line":65,"column":56}},"35":{"start":{"line":66,"column":20},"end":{"line":68,"column":21}},"36":{"start":{"line":67,"column":24},"end":{"line":67,"column":91}},"37":{"start":{"line":72,"column":12},"end":{"line":72,"column":69}},"38":{"start":{"line":77,"column":8},"end":{"line":77,"column":34}},"39":{"start":{"line":81,"column":8},"end":{"line":81,"column":35}},"40":{"start":{"line":81,"column":28},"end":{"line":81,"column":35}},"41":{"start":{"line":83,"column":8},"end":{"line":83,"column":30}},"42":{"start":{"line":84,"column":8},"end":{"line":84,"column":29}},"43":{"start":{"line":86,"column":25},"end":{"line":86,"column":58}},"44":{"start":{"line":88,"column":8},"end":{"line":91,"column":28}},"45":{"start":{"line":89,"column":12},"end":{"line":89,"column":28}},"46":{"start":{"line":90,"column":12},"end":{"line":90,"column":59}},"47":{"start":{"line":93,"column":8},"end":{"line":93,"column":47}},"48":{"start":{"line":97,"column":8},"end":{"line":97,"column":36}},"49":{"start":{"line":97,"column":29},"end":{"line":97,"column":36}},"50":{"start":{"line":99,"column":8},"end":{"line":99,"column":31}},"51":{"start":{"line":100,"column":8},"end":{"line":103,"column":9}},"52":{"start":{"line":101,"column":12},"end":{"line":101,"column":43}},"53":{"start":{"line":102,"column":12},"end":{"line":102,"column":35}},"54":{"start":{"line":105,"column":8},"end":{"line":105,"column":47}},"55":{"start":{"line":109,"column":8},"end":{"line":109,"column":52}},"56":{"start":{"line":109,"column":45},"end":{"line":109,"column":52}},"57":{"start":{"line":111,"column":20},"end":{"line":111,"column":49}},"58":{"start":{"line":114,"column":8},"end":{"line":116,"column":9}},"59":{"start":{"line":115,"column":12},"end":{"line":115,"column":31}},"60":{"start":{"line":119,"column":8},"end":{"line":121,"column":9}},"61":{"start":{"line":120,"column":12},"end":{"line":120,"column":32}},"62":{"start":{"line":124,"column":8},"end":{"line":126,"column":9}},"63":{"start":{"line":125,"column":12},"end":{"line":125,"column":32}},"64":{"start":{"line":129,"column":8},"end":{"line":131,"column":9}},"65":{"start":{"line":130,"column":12},"end":{"line":130,"column":31}},"66":{"start":{"line":135,"column":8},"end":{"line":160,"column":9}},"67":{"start":{"line":137,"column":24},"end":{"line":137,"column":60}},"68":{"start":{"line":138,"column":25},"end":{"line":138,"column":55}},"69":{"start":{"line":140,"column":12},"end":{"line":140,"column":70}},"70":{"start":{"line":141,"column":12},"end":{"line":141,"column":88}},"71":{"start":{"line":143,"column":12},"end":{"line":143,"column":67}},"72":{"start":{"line":144,"column":12},"end":{"line":144,"column":88}},"73":{"start":{"line":146,"column":12},"end":{"line":146,"column":30}},"74":{"start":{"line":147,"column":12},"end":{"line":147,"column":40}},"75":{"start":{"line":149,"column":12},"end":{"line":149,"column":27}},"76":{"start":{"line":150,"column":12},"end":{"line":150,"column":51}},"77":{"start":{"line":153,"column":12},"end":{"line":156,"column":46}},"78":{"start":{"line":154,"column":16},"end":{"line":154,"column":33}},"79":{"start":{"line":155,"column":16},"end":{"line":155,"column":34}},"80":{"start":{"line":159,"column":12},"end":{"line":159,"column":58}},"81":{"start":{"line":164,"column":8},"end":{"line":189,"column":9}},"82":{"start":{"line":166,"column":24},"end":{"line":166,"column":60}},"83":{"start":{"line":167,"column":25},"end":{"line":167,"column":55}},"84":{"start":{"line":169,"column":12},"end":{"line":169,"column":71}},"85":{"start":{"line":170,"column":12},"end":{"line":170,"column":117}},"86":{"start":{"line":172,"column":12},"end":{"line":172,"column":68}},"87":{"start":{"line":173,"column":12},"end":{"line":173,"column":89}},"88":{"start":{"line":175,"column":12},"end":{"line":175,"column":30}},"89":{"start":{"line":176,"column":12},"end":{"line":176,"column":41}},"90":{"start":{"line":178,"column":12},"end":{"line":178,"column":27}},"91":{"start":{"line":179,"column":12},"end":{"line":179,"column":52}},"92":{"start":{"line":182,"column":12},"end":{"line":185,"column":47}},"93":{"start":{"line":183,"column":16},"end":{"line":183,"column":33}},"94":{"start":{"line":184,"column":16},"end":{"line":184,"column":34}},"95":{"start":{"line":188,"column":12},"end":{"line":188,"column":59}},"96":{"start":{"line":193,"column":8},"end":{"line":218,"column":9}},"97":{"start":{"line":195,"column":24},"end":{"line":195,"column":60}},"98":{"start":{"line":196,"column":25},"end":{"line":196,"column":55}},"99":{"start":{"line":198,"column":12},"end":{"line":198,"column":71}},"100":{"start":{"line":199,"column":12},"end":{"line":199,"column":32}},"101":{"start":{"line":201,"column":12},"end":{"line":201,"column":74}},"102":{"start":{"line":202,"column":12},"end":{"line":202,"column":89}},"103":{"start":{"line":204,"column":12},"end":{"line":204,"column":30}},"104":{"start":{"line":205,"column":12},"end":{"line":205,"column":41}},"105":{"start":{"line":207,"column":12},"end":{"line":207,"column":27}},"106":{"start":{"line":208,"column":12},"end":{"line":208,"column":52}},"107":{"start":{"line":211,"column":12},"end":{"line":214,"column":47}},"108":{"start":{"line":212,"column":16},"end":{"line":212,"column":33}},"109":{"start":{"line":213,"column":16},"end":{"line":213,"column":34}},"110":{"start":{"line":217,"column":12},"end":{"line":217,"column":60}},"111":{"start":{"line":222,"column":8},"end":{"line":247,"column":9}},"112":{"start":{"line":224,"column":24},"end":{"line":224,"column":60}},"113":{"start":{"line":225,"column":25},"end":{"line":225,"column":55}},"114":{"start":{"line":227,"column":12},"end":{"line":227,"column":70}},"115":{"start":{"line":228,"column":12},"end":{"line":228,"column":34}},"116":{"start":{"line":230,"column":12},"end":{"line":230,"column":67}},"117":{"start":{"line":231,"column":12},"end":{"line":231,"column":88}},"118":{"start":{"line":233,"column":12},"end":{"line":233,"column":30}},"119":{"start":{"line":234,"column":12},"end":{"line":234,"column":40}},"120":{"start":{"line":236,"column":12},"end":{"line":236,"column":27}},"121":{"start":{"line":237,"column":12},"end":{"line":237,"column":51}},"122":{"start":{"line":240,"column":12},"end":{"line":243,"column":46}},"123":{"start":{"line":241,"column":16},"end":{"line":241,"column":33}},"124":{"start":{"line":242,"column":16},"end":{"line":242,"column":34}},"125":{"start":{"line":246,"column":12},"end":{"line":246,"column":58}},"126":{"start":{"line":252,"column":20},"end":{"line":252,"column":49}},"127":{"start":{"line":254,"column":8},"end":{"line":269,"column":9}},"128":{"start":{"line":256,"column":16},"end":{"line":256,"column":35}},"129":{"start":{"line":257,"column":16},"end":{"line":257,"column":22}},"130":{"start":{"line":259,"column":16},"end":{"line":259,"column":36}},"131":{"start":{"line":260,"column":16},"end":{"line":260,"column":22}},"132":{"start":{"line":262,"column":16},"end":{"line":262,"column":36}},"133":{"start":{"line":263,"column":16},"end":{"line":263,"column":22}},"134":{"start":{"line":265,"column":16},"end":{"line":265,"column":35}},"135":{"start":{"line":266,"column":16},"end":{"line":266,"column":22}},"136":{"start":{"line":268,"column":16},"end":{"line":268,"column":62}}},"fnMap":{"0":{"name":"(anonymous_0)","decl":{"start":{"line":2,"column":4},"end":{"line":2,"column":5}},"loc":{"start":{"line":2,"column":42},"end":{"line":24,"column":5}},"line":2},"1":{"name":"(anonymous_1)","decl":{"start":{"line":26,"column":4},"end":{"line":26,"column":5}},"loc":{"start":{"line":26,"column":21},"end":{"line":44,"column":5}},"line":26},"2":{"name":"(anonymous_2)","decl":{"start":{"line":46,"column":4},"end":{"line":46,"column":5}},"loc":{"start":{"line":46,"column":36},"end":{"line":74,"column":5}},"line":46},"3":{"name":"(anonymous_3)","decl":{"start":{"line":76,"column":4},"end":{"line":76,"column":5}},"loc":{"start":{"line":76,"column":30},"end":{"line":78,"column":5}},"line":76},"4":{"name":"(anonymous_4)","decl":{"start":{"line":80,"column":4},"end":{"line":80,"column":5}},"loc":{"start":{"line":80,"column":12},"end":{"line":94,"column":5}},"line":80},"5":{"name":"(anonymous_5)","decl":{"start":{"line":88,"column":38},"end":{"line":88,"column":39}},"loc":{"start":{"line":88,"column":44},"end":{"line":91,"column":9}},"line":88},"6":{"name":"(anonymous_6)","decl":{"start":{"line":96,"column":4},"end":{"line":96,"column":5}},"loc":{"start":{"line":96,"column":11},"end":{"line":106,"column":5}},"line":96},"7":{"name":"(anonymous_7)","decl":{"start":{"line":108,"column":4},"end":{"line":108,"column":5}},"loc":{"start":{"line":108,"column":15},"end":{"line":132,"column":5}},"line":108},"8":{"name":"(anonymous_8)","decl":{"start":{"line":134,"column":4},"end":{"line":134,"column":5}},"loc":{"start":{"line":134,"column":18},"end":{"line":161,"column":5}},"line":134},"9":{"name":"(anonymous_9)","decl":{"start":{"line":153,"column":23},"end":{"line":153,"column":24}},"loc":{"start":{"line":153,"column":29},"end":{"line":156,"column":13}},"line":153},"10":{"name":"(anonymous_10)","decl":{"start":{"line":163,"column":4},"end":{"line":163,"column":5}},"loc":{"start":{"line":163,"column":19},"end":{"line":190,"column":5}},"line":163},"11":{"name":"(anonymous_11)","decl":{"start":{"line":182,"column":23},"end":{"line":182,"column":24}},"loc":{"start":{"line":182,"column":29},"end":{"line":185,"column":13}},"line":182},"12":{"name":"(anonymous_12)","decl":{"start":{"line":192,"column":4},"end":{"line":192,"column":5}},"loc":{"start":{"line":192,"column":19},"end":{"line":219,"column":5}},"line":192},"13":{"name":"(anonymous_13)","decl":{"start":{"line":211,"column":23},"end":{"line":211,"column":24}},"loc":{"start":{"line":211,"column":29},"end":{"line":214,"column":13}},"line":211},"14":{"name":"(anonymous_14)","decl":{"start":{"line":221,"column":4},"end":{"line":221,"column":5}},"loc":{"start":{"line":221,"column":18},"end":{"line":248,"column":5}},"line":221},"15":{"name":"(anonymous_15)","decl":{"start":{"line":240,"column":23},"end":{"line":240,"column":24}},"loc":{"start":{"line":240,"column":29},"end":{"line":243,"column":13}},"line":240},"16":{"name":"(anonymous_16)","decl":{"start":{"line":251,"column":4},"end":{"line":251,"column":5}},"loc":{"start":{"line":251,"column":28},"end":{"line":270,"column":5}},"line":251}},"branchMap":{"0":{"loc":{"start":{"line":47,"column":8},"end":{"line":47,"column":39}},"type":"if","locations":[{"start":{"line":47,"column":8},"end":{"line":47,"column":39}},{"start":{},"end":{}}],"line":47},"1":{"loc":{"start":{"line":50,"column":12},"end":{"line":70,"column":13}},"type":"if","locations":[{"start":{"line":50,"column":12},"end":{"line":70,"column":13}},{"start":{"line":56,"column":19},"end":{"line":70,"column":13}}],"line":50},"2":{"loc":{"start":{"line":52,"column":16},"end":{"line":55,"column":17}},"type":"if","locations":[{"start":{"line":52,"column":16},"end":{"line":55,"column":17}},{"start":{},"end":{}}],"line":52},"3":{"loc":{"start":{"line":56,"column":19},"end":{"line":70,"column":13}},"type":"if","locations":[{"start":{"line":56,"column":19},"end":{"line":70,"column":13}},{"start":{"line":60,"column":19},"end":{"line":70,"column":13}}],"line":56},"4":{"loc":{"start":{"line":60,"column":19},"end":{"line":70,"column":13}},"type":"if","locations":[{"start":{"line":60,"column":19},"end":{"line":70,"column":13}},{"start":{},"end":{}}],"line":60},"5":{"loc":{"start":{"line":64,"column":16},"end":{"line":69,"column":17}},"type":"if","locations":[{"start":{"line":64,"column":16},"end":{"line":69,"column":17}},{"start":{},"end":{}}],"line":64},"6":{"loc":{"start":{"line":66,"column":20},"end":{"line":68,"column":21}},"type":"if","locations":[{"start":{"line":66,"column":20},"end":{"line":68,"column":21}},{"start":{},"end":{}}],"line":66},"7":{"loc":{"start":{"line":81,"column":8},"end":{"line":81,"column":35}},"type":"if","locations":[{"start":{"line":81,"column":8},"end":{"line":81,"column":35}},{"start":{},"end":{}}],"line":81},"8":{"loc":{"start":{"line":97,"column":8},"end":{"line":97,"column":36}},"type":"if","locations":[{"start":{"line":97,"column":8},"end":{"line":97,"column":36}},{"start":{},"end":{}}],"line":97},"9":{"loc":{"start":{"line":100,"column":8},"end":{"line":103,"column":9}},"type":"if","locations":[{"start":{"line":100,"column":8},"end":{"line":103,"column":9}},{"start":{},"end":{}}],"line":100},"10":{"loc":{"start":{"line":109,"column":8},"end":{"line":109,"column":52}},"type":"if","locations":[{"start":{"line":109,"column":8},"end":{"line":109,"column":52}},{"start":{},"end":{}}],"line":109},"11":{"loc":{"start":{"line":114,"column":8},"end":{"line":116,"column":9}},"type":"if","locations":[{"start":{"line":114,"column":8},"end":{"line":116,"column":9}},{"start":{},"end":{}}],"line":114},"12":{"loc":{"start":{"line":119,"column":8},"end":{"line":121,"column":9}},"type":"if","locations":[{"start":{"line":119,"column":8},"end":{"line":121,"column":9}},{"start":{},"end":{}}],"line":119},"13":{"loc":{"start":{"line":119,"column":12},"end":{"line":119,"column":61}},"type":"binary-expr","locations":[{"start":{"line":119,"column":12},"end":{"line":119,"column":38}},{"start":{"line":119,"column":42},"end":{"line":119,"column":61}}],"line":119},"14":{"loc":{"start":{"line":124,"column":8},"end":{"line":126,"column":9}},"type":"if","locations":[{"start":{"line":124,"column":8},"end":{"line":126,"column":9}},{"start":{},"end":{}}],"line":124},"15":{"loc":{"start":{"line":129,"column":8},"end":{"line":131,"column":9}},"type":"if","locations":[{"start":{"line":129,"column":8},"end":{"line":131,"column":9}},{"start":{},"end":{}}],"line":129},"16":{"loc":{"start":{"line":129,"column":12},"end":{"line":129,"column":61}},"type":"binary-expr","locations":[{"start":{"line":129,"column":12},"end":{"line":129,"column":38}},{"start":{"line":129,"column":42},"end":{"line":129,"column":61}}],"line":129},"17":{"loc":{"start":{"line":254,"column":8},"end":{"line":269,"column":9}},"type":"switch","locations":[{"start":{"line":255,"column":12},"end":{"line":257,"column":22}},{"start":{"line":258,"column":12},"end":{"line":260,"column":22}},{"start":{"line":261,"column":12},"end":{"line":263,"column":22}},{"start":{"line":264,"column":12},"end":{"line":266,"column":22}},{"start":{"line":267,"column":12},"end":{"line":268,"column":62}}],"line":254}},"s":{"0":42,"1":42,"2":42,"3":42,"4":42,"5":42,"6":42,"7":42,"8":42,"9":42,"10":42,"11":42,"12":42,"13":0,"14":0,"15":0,"16":0,"17":0,"18":0,"19":0,"20":0,"21":0,"22":0,"23":0,"24":0,"25":0,"26":0,"27":0,"28":0,"29":0,"30":0,"31":0,"32":0,"33":0,"34":0,"35":0,"36":0,"37":0,"38":0,"39":0,"40":0,"41":0,"42":0,"43":0,"44":0,"45":0,"46":0,"47":0,"48":0,"49":0,"50":0,"51":0,"52":0,"53":0,"54":0,"55":0,"56":0,"57":0,"58":0,"59":0,"60":0,"61":0,"62":0,"63":0,"64":0,"65":0,"66":0,"67":0,"68":0,"69":0,"70":0,"71":0,"72":0,"73":0,"74":0,"75":0,"76":0,"77":0,"78":0,"79":0,"80":0,"81":0,"82":0,"83":0,"84":0,"85":0,"86":0,"87":0,"88":0,"89":0,"90":0,"91":0,"92":0,"93":0,"94":0,"95":0,"96":0,"97":0,"98":0,"99":0,"100":0,"101":0,"102":0,"103":0,"104":0,"105":0,"106":0,"107":0,"108":0,"109":0,"110":0,"111":0,"112":0,"113":0,"114":0,"115":0,"116":0,"117":0,"118":0,"119":0,"120":0,"121":0,"122":0,"123":0,"124":0,"125":0,"126":0,"127":0,"128":0,"129":0,"130":0,"131":0,"132":0,"133":0,"134":0,"135":0,"136":0},"f":{"0":42,"1":42,"2":0,"3":0,"4":0,"5":0,"6":0,"7":0,"8":0,"9":0,"10":0,"11":0,"12":0,"13":0,"14":0,"15":0,"16":0},"b":{"0":[0,0],"1":[0,0],"2":[0,0],"3":[0,0],"4":[0,0],"5":[0,0],"6":[0,0],"7":[0,0],"8":[0,0],"9":[0,0],"10":[0,0],"11":[0,0],"12":[0,0],"13":[0,0],"14":[0,0],"15":[0,0],"16":[0,0],"17":[0,0,0,0,0]},"_coverageSchema":"1a1c01bbd47fc00a2c39e90264f33305004495a9","hash":"e45e5029d23173d2805f44df17c32b4612da19b6"}
,"/Users/mwchapel/PERSONALDEV/synth/src/audio/PolyphonicSynthesizer.js": {"path":"/Users/mwchapel/PERSONALDEV/synth/src/audio/PolyphonicSynthesizer.js","statementMap":{"0":{"start":{"line":3,"column":8},"end":{"line":3,"column":33}},"1":{"start":{"line":4,"column":8},"end":{"line":4,"column":31}},"2":{"start":{"line":5,"column":8},"end":{"line":5,"column":38}},"3":{"start":{"line":6,"column":8},"end":{"line":6,"column":25}},"4":{"start":{"line":7,"column":8},"end":{"line":7,"column":30}},"5":{"start":{"line":10,"column":8},"end":{"line":56,"column":10}},"6":{"start":{"line":58,"column":8},"end":{"line":58,"column":20}},"7":{"start":{"line":62,"column":8},"end":{"line":82,"column":9}},"8":{"start":{"line":63,"column":12},"end":{"line":63,"column":68}},"9":{"start":{"line":66,"column":12},"end":{"line":66,"column":89}},"10":{"start":{"line":67,"column":12},"end":{"line":67,"column":77}},"11":{"start":{"line":70,"column":12},"end":{"line":70,"column":61}},"12":{"start":{"line":71,"column":12},"end":{"line":71,"column":105}},"13":{"start":{"line":72,"column":12},"end":{"line":72,"column":67}},"14":{"start":{"line":73,"column":12},"end":{"line":73,"column":68}},"15":{"start":{"line":76,"column":12},"end":{"line":76,"column":38}},"16":{"start":{"line":77,"column":12},"end":{"line":77,"column":51}},"17":{"start":{"line":79,"column":12},"end":{"line":79,"column":78}},"18":{"start":{"line":81,"column":12},"end":{"line":81,"column":72}},"19":{"start":{"line":87,"column":8},"end":{"line":87,"column":61}},"20":{"start":{"line":88,"column":8},"end":{"line":88,"column":50}},"21":{"start":{"line":89,"column":8},"end":{"line":89,"column":102}},"22":{"start":{"line":90,"column":8},"end":{"line":90,"column":97}},"23":{"start":{"line":93,"column":8},"end":{"line":93,"column":57}},"24":{"start":{"line":94,"column":8},"end":{"line":94,"column":95}},"25":{"start":{"line":97,"column":8},"end":{"line":97,"column":56}},"26":{"start":{"line":98,"column":8},"end":{"line":98,"column":93}},"27":{"start":{"line":101,"column":8},"end":{"line":101,"column":61}},"28":{"start":{"line":102,"column":8},"end":{"line":102,"column":103}},"29":{"start":{"line":105,"column":8},"end":{"line":105,"column":57}},"30":{"start":{"line":106,"column":8},"end":{"line":106,"column":95}},"31":{"start":{"line":109,"column":8},"end":{"line":109,"column":45}},"32":{"start":{"line":110,"column":8},"end":{"line":110,"column":48}},"33":{"start":{"line":111,"column":8},"end":{"line":111,"column":52}},"34":{"start":{"line":112,"column":8},"end":{"line":112,"column":53}},"35":{"start":{"line":113,"column":8},"end":{"line":113,"column":49}},"36":{"start":{"line":117,"column":8},"end":{"line":117,"column":39}},"37":{"start":{"line":117,"column":32},"end":{"line":117,"column":39}},"38":{"start":{"line":119,"column":8},"end":{"line":162,"column":9}},"39":{"start":{"line":120,"column":12},"end":{"line":159,"column":13}},"40":{"start":{"line":121,"column":16},"end":{"line":126,"column":17}},"41":{"start":{"line":122,"column":40},"end":{"line":122,"column":56}},"42":{"start":{"line":123,"column":20},"end":{"line":123,"column":51}},"43":{"start":{"line":125,"column":20},"end":{"line":125,"column":47}},"44":{"start":{"line":127,"column":19},"end":{"line":159,"column":13}},"45":{"start":{"line":128,"column":16},"end":{"line":128,"column":95}},"46":{"start":{"line":130,"column":16},"end":{"line":134,"column":17}},"47":{"start":{"line":131,"column":20},"end":{"line":131,"column":95}},"48":{"start":{"line":132,"column":23},"end":{"line":134,"column":17}},"49":{"start":{"line":133,"column":20},"end":{"line":133,"column":87}},"50":{"start":{"line":135,"column":19},"end":{"line":159,"column":13}},"51":{"start":{"line":136,"column":16},"end":{"line":141,"column":17}},"52":{"start":{"line":137,"column":40},"end":{"line":137,"column":56}},"53":{"start":{"line":138,"column":20},"end":{"line":138,"column":97}},"54":{"start":{"line":140,"column":20},"end":{"line":140,"column":47}},"55":{"start":{"line":142,"column":19},"end":{"line":159,"column":13}},"56":{"start":{"line":143,"column":16},"end":{"line":143,"column":92}},"57":{"start":{"line":144,"column":19},"end":{"line":159,"column":13}},"58":{"start":{"line":145,"column":16},"end":{"line":145,"column":43}},"59":{"start":{"line":147,"column":16},"end":{"line":155,"column":17}},"60":{"start":{"line":148,"column":20},"end":{"line":148,"column":94}},"61":{"start":{"line":149,"column":23},"end":{"line":155,"column":17}},"62":{"start":{"line":150,"column":20},"end":{"line":150,"column":93}},"63":{"start":{"line":151,"column":23},"end":{"line":155,"column":17}},"64":{"start":{"line":152,"column":20},"end":{"line":152,"column":98}},"65":{"start":{"line":153,"column":23},"end":{"line":155,"column":17}},"66":{"start":{"line":154,"column":20},"end":{"line":154,"column":94}},"67":{"start":{"line":156,"column":19},"end":{"line":159,"column":13}},"68":{"start":{"line":157,"column":16},"end":{"line":157,"column":49}},"69":{"start":{"line":158,"column":16},"end":{"line":158,"column":90}},"70":{"start":{"line":161,"column":12},"end":{"line":161,"column":64}},"71":{"start":{"line":166,"column":8},"end":{"line":166,"column":59}},"72":{"start":{"line":166,"column":52},"end":{"line":166,"column":59}},"73":{"start":{"line":169,"column":8},"end":{"line":171,"column":9}},"74":{"start":{"line":170,"column":12},"end":{"line":170,"column":39}},"75":{"start":{"line":173,"column":8},"end":{"line":179,"column":9}},"76":{"start":{"line":174,"column":26},"end":{"line":174,"column":58}},"77":{"start":{"line":175,"column":12},"end":{"line":175,"column":47}},"78":{"start":{"line":176,"column":12},"end":{"line":176,"column":74}},"79":{"start":{"line":178,"column":12},"end":{"line":178,"column":59}},"80":{"start":{"line":183,"column":8},"end":{"line":183,"column":39}},"81":{"start":{"line":183,"column":32},"end":{"line":183,"column":39}},"82":{"start":{"line":185,"column":8},"end":{"line":194,"column":9}},"83":{"start":{"line":186,"column":26},"end":{"line":186,"column":53}},"84":{"start":{"line":187,"column":12},"end":{"line":191,"column":13}},"85":{"start":{"line":188,"column":16},"end":{"line":188,"column":38}},"86":{"start":{"line":189,"column":16},"end":{"line":189,"column":47}},"87":{"start":{"line":190,"column":16},"end":{"line":190,"column":55}},"88":{"start":{"line":193,"column":12},"end":{"line":193,"column":59}},"89":{"start":{"line":198,"column":22},"end":{"line":207,"column":9}},"90":{"start":{"line":209,"column":20},"end":{"line":209,"column":49}},"91":{"start":{"line":212,"column":8},"end":{"line":212,"column":43}},"92":{"start":{"line":215,"column":8},"end":{"line":215,"column":37}},"93":{"start":{"line":218,"column":8},"end":{"line":218,"column":35}},"94":{"start":{"line":221,"column":8},"end":{"line":221,"column":52}},"95":{"start":{"line":222,"column":8},"end":{"line":222,"column":47}},"96":{"start":{"line":224,"column":8},"end":{"line":224,"column":62}},"97":{"start":{"line":225,"column":8},"end":{"line":225,"column":51}},"98":{"start":{"line":226,"column":8},"end":{"line":226,"column":77}},"99":{"start":{"line":227,"column":8},"end":{"line":227,"column":72}},"100":{"start":{"line":230,"column":8},"end":{"line":232,"column":11}},"101":{"start":{"line":231,"column":12},"end":{"line":231,"column":38}},"102":{"start":{"line":234,"column":8},"end":{"line":236,"column":9}},"103":{"start":{"line":235,"column":12},"end":{"line":235,"column":46}},"104":{"start":{"line":238,"column":8},"end":{"line":238,"column":41}},"105":{"start":{"line":239,"column":8},"end":{"line":239,"column":40}},"106":{"start":{"line":242,"column":8},"end":{"line":242,"column":40}},"107":{"start":{"line":244,"column":8},"end":{"line":244,"column":21}},"108":{"start":{"line":248,"column":25},"end":{"line":248,"column":66}},"109":{"start":{"line":251,"column":21},"end":{"line":251,"column":57}},"110":{"start":{"line":252,"column":8},"end":{"line":255,"column":10}},"111":{"start":{"line":256,"column":8},"end":{"line":256,"column":46}},"112":{"start":{"line":257,"column":8},"end":{"line":257,"column":24}},"113":{"start":{"line":258,"column":8},"end":{"line":258,"column":37}},"114":{"start":{"line":261,"column":21},"end":{"line":261,"column":57}},"115":{"start":{"line":262,"column":8},"end":{"line":265,"column":10}},"116":{"start":{"line":266,"column":8},"end":{"line":266,"column":46}},"117":{"start":{"line":267,"column":8},"end":{"line":267,"column":24}},"118":{"start":{"line":268,"column":8},"end":{"line":268,"column":37}},"119":{"start":{"line":271,"column":21},"end":{"line":271,"column":57}},"120":{"start":{"line":272,"column":8},"end":{"line":275,"column":10}},"121":{"start":{"line":276,"column":8},"end":{"line":276,"column":46}},"122":{"start":{"line":277,"column":8},"end":{"line":277,"column":24}},"123":{"start":{"line":278,"column":8},"end":{"line":278,"column":37}},"124":{"start":{"line":281,"column":8},"end":{"line":283,"column":9}},"125":{"start":{"line":282,"column":12},"end":{"line":282,"column":44}},"126":{"start":{"line":286,"column":8},"end":{"line":288,"column":9}},"127":{"start":{"line":287,"column":12},"end":{"line":287,"column":49}},"128":{"start":{"line":292,"column":8},"end":{"line":305,"column":9}},"129":{"start":{"line":293,"column":31},"end":{"line":293,"column":59}},"130":{"start":{"line":294,"column":32},"end":{"line":294,"column":107}},"131":{"start":{"line":295,"column":27},"end":{"line":295,"column":56}},"132":{"start":{"line":297,"column":12},"end":{"line":299,"column":13}},"133":{"start":{"line":297,"column":25},"end":{"line":297,"column":26}},"134":{"start":{"line":298,"column":16},"end":{"line":298,"column":50}},"135":{"start":{"line":301,"column":12},"end":{"line":301,"column":65}},"136":{"start":{"line":302,"column":12},"end":{"line":302,"column":45}},"137":{"start":{"line":303,"column":12},"end":{"line":303,"column":36}},"138":{"start":{"line":304,"column":12},"end":{"line":304,"column":35}},"139":{"start":{"line":309,"column":8},"end":{"line":331,"column":9}},"140":{"start":{"line":310,"column":12},"end":{"line":310,"column":61}},"141":{"start":{"line":311,"column":12},"end":{"line":311,"column":73}},"142":{"start":{"line":312,"column":12},"end":{"line":312,"column":53}},"143":{"start":{"line":314,"column":28},"end":{"line":314,"column":58}},"144":{"start":{"line":315,"column":12},"end":{"line":315,"column":68}},"145":{"start":{"line":317,"column":12},"end":{"line":317,"column":39}},"146":{"start":{"line":320,"column":12},"end":{"line":328,"column":13}},"147":{"start":{"line":321,"column":34},"end":{"line":321,"column":64}},"148":{"start":{"line":322,"column":16},"end":{"line":322,"column":54}},"149":{"start":{"line":323,"column":16},"end":{"line":323,"column":106}},"150":{"start":{"line":324,"column":16},"end":{"line":324,"column":43}},"151":{"start":{"line":325,"column":16},"end":{"line":325,"column":58}},"152":{"start":{"line":327,"column":16},"end":{"line":327,"column":56}},"153":{"start":{"line":330,"column":12},"end":{"line":330,"column":33}},"154":{"start":{"line":336,"column":8},"end":{"line":340,"column":9}},"155":{"start":{"line":337,"column":31},"end":{"line":337,"column":67}},"156":{"start":{"line":338,"column":12},"end":{"line":338,"column":105}},"157":{"start":{"line":339,"column":12},"end":{"line":339,"column":105}},"158":{"start":{"line":345,"column":8},"end":{"line":358,"column":11}},"159":{"start":{"line":346,"column":12},"end":{"line":357,"column":13}},"160":{"start":{"line":347,"column":34},"end":{"line":347,"column":70}},"161":{"start":{"line":348,"column":16},"end":{"line":348,"column":99}},"162":{"start":{"line":349,"column":16},"end":{"line":349,"column":40}},"163":{"start":{"line":350,"column":16},"end":{"line":350,"column":37}},"164":{"start":{"line":352,"column":33},"end":{"line":352,"column":63}},"165":{"start":{"line":353,"column":16},"end":{"line":353,"column":55}},"166":{"start":{"line":355,"column":16},"end":{"line":355,"column":44}},"167":{"start":{"line":356,"column":16},"end":{"line":356,"column":48}},"168":{"start":{"line":363,"column":8},"end":{"line":363,"column":47}},"169":{"start":{"line":364,"column":8},"end":{"line":364,"column":90}},"170":{"start":{"line":365,"column":8},"end":{"line":368,"column":10}},"171":{"start":{"line":371,"column":27},"end":{"line":371,"column":51}},"172":{"start":{"line":372,"column":33},"end":{"line":372,"column":79}},"173":{"start":{"line":374,"column":8},"end":{"line":374,"column":82}},"174":{"start":{"line":375,"column":8},"end":{"line":378,"column":10}},"175":{"start":{"line":379,"column":8},"end":{"line":382,"column":10}},"176":{"start":{"line":386,"column":20},"end":{"line":386,"column":49}},"177":{"start":{"line":389,"column":8},"end":{"line":391,"column":11}},"178":{"start":{"line":390,"column":12},"end":{"line":390,"column":48}},"179":{"start":{"line":394,"column":8},"end":{"line":396,"column":9}},"180":{"start":{"line":395,"column":12},"end":{"line":395,"column":56}},"181":{"start":{"line":399,"column":8},"end":{"line":401,"column":9}},"182":{"start":{"line":400,"column":12},"end":{"line":400,"column":54}},"183":{"start":{"line":404,"column":8},"end":{"line":404,"column":78}},"184":{"start":{"line":405,"column":8},"end":{"line":408,"column":10}},"185":{"start":{"line":411,"column":8},"end":{"line":417,"column":69}},"186":{"start":{"line":412,"column":12},"end":{"line":412,"column":63}},"187":{"start":{"line":412,"column":45},"end":{"line":412,"column":61}},"188":{"start":{"line":413,"column":12},"end":{"line":413,"column":54}},"189":{"start":{"line":413,"column":29},"end":{"line":413,"column":54}},"190":{"start":{"line":414,"column":12},"end":{"line":414,"column":50}},"191":{"start":{"line":414,"column":27},"end":{"line":414,"column":50}},"192":{"start":{"line":415,"column":12},"end":{"line":415,"column":38}},"193":{"start":{"line":416,"column":12},"end":{"line":416,"column":36}},"194":{"start":{"line":421,"column":8},"end":{"line":423,"column":11}},"195":{"start":{"line":422,"column":12},"end":{"line":422,"column":34}},"196":{"start":{"line":424,"column":8},"end":{"line":424,"column":34}},"197":{"start":{"line":429,"column":8},"end":{"line":429,"column":47}},"198":{"start":{"line":431,"column":8},"end":{"line":434,"column":9}},"199":{"start":{"line":432,"column":12},"end":{"line":432,"column":57}},"200":{"start":{"line":433,"column":12},"end":{"line":433,"column":39}},"201":{"start":{"line":436,"column":8},"end":{"line":459,"column":9}},"202":{"start":{"line":437,"column":28},"end":{"line":437,"column":64}},"203":{"start":{"line":438,"column":29},"end":{"line":438,"column":59}},"204":{"start":{"line":440,"column":12},"end":{"line":440,"column":81}},"205":{"start":{"line":441,"column":12},"end":{"line":441,"column":34}},"206":{"start":{"line":442,"column":12},"end":{"line":442,"column":77}},"207":{"start":{"line":444,"column":12},"end":{"line":444,"column":38}},"208":{"start":{"line":445,"column":12},"end":{"line":445,"column":42}},"209":{"start":{"line":447,"column":12},"end":{"line":447,"column":57}},"210":{"start":{"line":448,"column":12},"end":{"line":448,"column":60}},"211":{"start":{"line":450,"column":12},"end":{"line":450,"column":89}},"212":{"start":{"line":452,"column":12},"end":{"line":455,"column":21}},"213":{"start":{"line":453,"column":16},"end":{"line":453,"column":37}},"214":{"start":{"line":454,"column":16},"end":{"line":454,"column":38}},"215":{"start":{"line":458,"column":12},"end":{"line":458,"column":56}},"216":{"start":{"line":463,"column":8},"end":{"line":463,"column":58}},"217":{"start":{"line":464,"column":8},"end":{"line":474,"column":9}},"218":{"start":{"line":465,"column":12},"end":{"line":471,"column":15}},"219":{"start":{"line":466,"column":16},"end":{"line":466,"column":68}},"220":{"start":{"line":467,"column":16},"end":{"line":467,"column":72}},"221":{"start":{"line":468,"column":16},"end":{"line":468,"column":81}},"222":{"start":{"line":470,"column":16},"end":{"line":470,"column":74}},"223":{"start":{"line":473,"column":12},"end":{"line":473,"column":81}},"224":{"start":{"line":478,"column":8},"end":{"line":478,"column":50}},"225":{"start":{"line":480,"column":8},"end":{"line":480,"column":32}},"226":{"start":{"line":481,"column":8},"end":{"line":481,"column":35}},"227":{"start":{"line":482,"column":8},"end":{"line":482,"column":30}},"228":{"start":{"line":483,"column":8},"end":{"line":483,"column":32}},"229":{"start":{"line":484,"column":8},"end":{"line":484,"column":40}},"230":{"start":{"line":486,"column":8},"end":{"line":486,"column":49}},"231":{"start":{"line":490,"column":8},"end":{"line":490,"column":55}},"232":{"start":{"line":491,"column":8},"end":{"line":491,"column":60}},"233":{"start":{"line":492,"column":8},"end":{"line":492,"column":71}},"234":{"start":{"line":493,"column":8},"end":{"line":493,"column":73}},"235":{"start":{"line":494,"column":8},"end":{"line":494,"column":72}},"236":{"start":{"line":496,"column":8},"end":{"line":502,"column":9}},"237":{"start":{"line":497,"column":12},"end":{"line":497,"column":86}},"238":{"start":{"line":498,"column":15},"end":{"line":502,"column":9}},"239":{"start":{"line":499,"column":12},"end":{"line":499,"column":54}},"240":{"start":{"line":501,"column":12},"end":{"line":501,"column":64}},"241":{"start":{"line":506,"column":8},"end":{"line":506,"column":56}},"242":{"start":{"line":507,"column":8},"end":{"line":528,"column":9}},"243":{"start":{"line":508,"column":28},"end":{"line":508,"column":64}},"244":{"start":{"line":509,"column":29},"end":{"line":509,"column":59}},"245":{"start":{"line":511,"column":12},"end":{"line":511,"column":81}},"246":{"start":{"line":512,"column":12},"end":{"line":512,"column":34}},"247":{"start":{"line":513,"column":12},"end":{"line":513,"column":77}},"248":{"start":{"line":515,"column":12},"end":{"line":515,"column":38}},"249":{"start":{"line":516,"column":12},"end":{"line":516,"column":60}},"250":{"start":{"line":518,"column":12},"end":{"line":518,"column":67}},"251":{"start":{"line":519,"column":12},"end":{"line":519,"column":63}},"252":{"start":{"line":520,"column":12},"end":{"line":520,"column":68}},"253":{"start":{"line":521,"column":12},"end":{"line":521,"column":59}},"254":{"start":{"line":523,"column":12},"end":{"line":523,"column":33}},"255":{"start":{"line":524,"column":12},"end":{"line":524,"column":34}},"256":{"start":{"line":527,"column":12},"end":{"line":527,"column":68}},"257":{"start":{"line":532,"column":8},"end":{"line":532,"column":51}},"258":{"start":{"line":533,"column":8},"end":{"line":533,"column":75}},"259":{"start":{"line":534,"column":8},"end":{"line":534,"column":106}},"260":{"start":{"line":535,"column":8},"end":{"line":535,"column":106}},"261":{"start":{"line":539,"column":8},"end":{"line":539,"column":53}},"262":{"start":{"line":540,"column":8},"end":{"line":540,"column":59}},"263":{"start":{"line":541,"column":8},"end":{"line":541,"column":60}},"264":{"start":{"line":542,"column":8},"end":{"line":542,"column":76}},"265":{"start":{"line":543,"column":8},"end":{"line":543,"column":105}},"266":{"start":{"line":547,"column":8},"end":{"line":547,"column":61}},"267":{"start":{"line":548,"column":8},"end":{"line":548,"column":107}},"268":{"start":{"line":549,"column":8},"end":{"line":549,"column":99}},"269":{"start":{"line":550,"column":8},"end":{"line":550,"column":61}},"270":{"start":{"line":551,"column":8},"end":{"line":551,"column":58}}},"fnMap":{"0":{"name":"(anonymous_0)","decl":{"start":{"line":2,"column":4},"end":{"line":2,"column":5}},"loc":{"start":{"line":2,"column":18},"end":{"line":59,"column":5}},"line":2},"1":{"name":"(anonymous_1)","decl":{"start":{"line":61,"column":4},"end":{"line":61,"column":5}},"loc":{"start":{"line":61,"column":17},"end":{"line":83,"column":5}},"line":61},"2":{"name":"(anonymous_2)","decl":{"start":{"line":85,"column":4},"end":{"line":85,"column":5}},"loc":{"start":{"line":85,"column":25},"end":{"line":114,"column":5}},"line":85},"3":{"name":"(anonymous_3)","decl":{"start":{"line":116,"column":4},"end":{"line":116,"column":5}},"loc":{"start":{"line":116,"column":39},"end":{"line":163,"column":5}},"line":116},"4":{"name":"(anonymous_4)","decl":{"start":{"line":165,"column":4},"end":{"line":165,"column":5}},"loc":{"start":{"line":165,"column":33},"end":{"line":180,"column":5}},"line":165},"5":{"name":"(anonymous_5)","decl":{"start":{"line":182,"column":4},"end":{"line":182,"column":5}},"loc":{"start":{"line":182,"column":18},"end":{"line":195,"column":5}},"line":182},"6":{"name":"(anonymous_6)","decl":{"start":{"line":197,"column":4},"end":{"line":197,"column":5}},"loc":{"start":{"line":197,"column":32},"end":{"line":245,"column":5}},"line":197},"7":{"name":"(anonymous_7)","decl":{"start":{"line":230,"column":34},"end":{"line":230,"column":35}},"loc":{"start":{"line":230,"column":41},"end":{"line":232,"column":9}},"line":230},"8":{"name":"(anonymous_8)","decl":{"start":{"line":247,"column":4},"end":{"line":247,"column":5}},"loc":{"start":{"line":247,"column":34},"end":{"line":289,"column":5}},"line":247},"9":{"name":"(anonymous_9)","decl":{"start":{"line":291,"column":4},"end":{"line":291,"column":5}},"loc":{"start":{"line":291,"column":28},"end":{"line":306,"column":5}},"line":291},"10":{"name":"(anonymous_10)","decl":{"start":{"line":308,"column":4},"end":{"line":308,"column":5}},"loc":{"start":{"line":308,"column":26},"end":{"line":332,"column":5}},"line":308},"11":{"name":"(anonymous_11)","decl":{"start":{"line":334,"column":4},"end":{"line":334,"column":5}},"loc":{"start":{"line":334,"column":31},"end":{"line":341,"column":5}},"line":334},"12":{"name":"(anonymous_12)","decl":{"start":{"line":343,"column":4},"end":{"line":343,"column":5}},"loc":{"start":{"line":343,"column":36},"end":{"line":359,"column":5}},"line":343},"13":{"name":"(anonymous_13)","decl":{"start":{"line":345,"column":34},"end":{"line":345,"column":35}},"loc":{"start":{"line":345,"column":50},"end":{"line":358,"column":9}},"line":345},"14":{"name":"(anonymous_14)","decl":{"start":{"line":361,"column":4},"end":{"line":361,"column":5}},"loc":{"start":{"line":361,"column":31},"end":{"line":383,"column":5}},"line":361},"15":{"name":"(anonymous_15)","decl":{"start":{"line":385,"column":4},"end":{"line":385,"column":5}},"loc":{"start":{"line":385,"column":21},"end":{"line":418,"column":5}},"line":385},"16":{"name":"(anonymous_16)","decl":{"start":{"line":389,"column":34},"end":{"line":389,"column":35}},"loc":{"start":{"line":389,"column":41},"end":{"line":391,"column":9}},"line":389},"17":{"name":"(anonymous_17)","decl":{"start":{"line":411,"column":19},"end":{"line":411,"column":20}},"loc":{"start":{"line":411,"column":25},"end":{"line":417,"column":9}},"line":411},"18":{"name":"(anonymous_18)","decl":{"start":{"line":412,"column":38},"end":{"line":412,"column":39}},"loc":{"start":{"line":412,"column":45},"end":{"line":412,"column":61}},"line":412},"19":{"name":"(anonymous_19)","decl":{"start":{"line":420,"column":4},"end":{"line":420,"column":5}},"loc":{"start":{"line":420,"column":20},"end":{"line":425,"column":5}},"line":420},"20":{"name":"(anonymous_20)","decl":{"start":{"line":421,"column":34},"end":{"line":421,"column":35}},"loc":{"start":{"line":421,"column":43},"end":{"line":423,"column":9}},"line":421},"21":{"name":"(anonymous_21)","decl":{"start":{"line":428,"column":4},"end":{"line":428,"column":5}},"loc":{"start":{"line":428,"column":19},"end":{"line":460,"column":5}},"line":428},"22":{"name":"(anonymous_22)","decl":{"start":{"line":452,"column":23},"end":{"line":452,"column":24}},"loc":{"start":{"line":452,"column":29},"end":{"line":455,"column":13}},"line":452},"23":{"name":"(anonymous_23)","decl":{"start":{"line":462,"column":4},"end":{"line":462,"column":5}},"loc":{"start":{"line":462,"column":18},"end":{"line":475,"column":5}},"line":462},"24":{"name":"(anonymous_24)","decl":{"start":{"line":465,"column":44},"end":{"line":465,"column":45}},"loc":{"start":{"line":465,"column":50},"end":{"line":469,"column":13}},"line":465},"25":{"name":"(anonymous_25)","decl":{"start":{"line":469,"column":21},"end":{"line":469,"column":22}},"loc":{"start":{"line":469,"column":30},"end":{"line":471,"column":13}},"line":469},"26":{"name":"(anonymous_26)","decl":{"start":{"line":477,"column":4},"end":{"line":477,"column":5}},"loc":{"start":{"line":477,"column":21},"end":{"line":487,"column":5}},"line":477},"27":{"name":"(anonymous_27)","decl":{"start":{"line":489,"column":4},"end":{"line":489,"column":5}},"loc":{"start":{"line":489,"column":23},"end":{"line":503,"column":5}},"line":489},"28":{"name":"(anonymous_28)","decl":{"start":{"line":505,"column":4},"end":{"line":505,"column":5}},"loc":{"start":{"line":505,"column":26},"end":{"line":529,"column":5}},"line":505},"29":{"name":"(anonymous_29)","decl":{"start":{"line":531,"column":4},"end":{"line":531,"column":5}},"loc":{"start":{"line":531,"column":21},"end":{"line":536,"column":5}},"line":531},"30":{"name":"(anonymous_30)","decl":{"start":{"line":538,"column":4},"end":{"line":538,"column":5}},"loc":{"start":{"line":538,"column":23},"end":{"line":544,"column":5}},"line":538},"31":{"name":"(anonymous_31)","decl":{"start":{"line":546,"column":4},"end":{"line":546,"column":5}},"loc":{"start":{"line":546,"column":31},"end":{"line":552,"column":5}},"line":546}},"branchMap":{"0":{"loc":{"start":{"line":66,"column":37},"end":{"line":66,"column":85}},"type":"binary-expr","locations":[{"start":{"line":66,"column":37},"end":{"line":66,"column":56}},{"start":{"line":66,"column":60},"end":{"line":66,"column":85}}],"line":66},"1":{"loc":{"start":{"line":117,"column":8},"end":{"line":117,"column":39}},"type":"if","locations":[{"start":{"line":117,"column":8},"end":{"line":117,"column":39}},{"start":{},"end":{}}],"line":117},"2":{"loc":{"start":{"line":120,"column":12},"end":{"line":159,"column":13}},"type":"if","locations":[{"start":{"line":120,"column":12},"end":{"line":159,"column":13}},{"start":{"line":127,"column":19},"end":{"line":159,"column":13}}],"line":120},"3":{"loc":{"start":{"line":121,"column":16},"end":{"line":126,"column":17}},"type":"if","locations":[{"start":{"line":121,"column":16},"end":{"line":126,"column":17}},{"start":{"line":124,"column":23},"end":{"line":126,"column":17}}],"line":121},"4":{"loc":{"start":{"line":127,"column":19},"end":{"line":159,"column":13}},"type":"if","locations":[{"start":{"line":127,"column":19},"end":{"line":159,"column":13}},{"start":{"line":135,"column":19},"end":{"line":159,"column":13}}],"line":127},"5":{"loc":{"start":{"line":130,"column":16},"end":{"line":134,"column":17}},"type":"if","locations":[{"start":{"line":130,"column":16},"end":{"line":134,"column":17}},{"start":{"line":132,"column":23},"end":{"line":134,"column":17}}],"line":130},"6":{"loc":{"start":{"line":132,"column":23},"end":{"line":134,"column":17}},"type":"if","locations":[{"start":{"line":132,"column":23},"end":{"line":134,"column":17}},{"start":{},"end":{}}],"line":132},"7":{"loc":{"start":{"line":135,"column":19},"end":{"line":159,"column":13}},"type":"if","locations":[{"start":{"line":135,"column":19},"end":{"line":159,"column":13}},{"start":{"line":142,"column":19},"end":{"line":159,"column":13}}],"line":135},"8":{"loc":{"start":{"line":136,"column":16},"end":{"line":141,"column":17}},"type":"if","locations":[{"start":{"line":136,"column":16},"end":{"line":141,"column":17}},{"start":{"line":139,"column":23},"end":{"line":141,"column":17}}],"line":136},"9":{"loc":{"start":{"line":142,"column":19},"end":{"line":159,"column":13}},"type":"if","locations":[{"start":{"line":142,"column":19},"end":{"line":159,"column":13}},{"start":{"line":144,"column":19},"end":{"line":159,"column":13}}],"line":142},"10":{"loc":{"start":{"line":144,"column":19},"end":{"line":159,"column":13}},"type":"if","locations":[{"start":{"line":144,"column":19},"end":{"line":159,"column":13}},{"start":{"line":156,"column":19},"end":{"line":159,"column":13}}],"line":144},"11":{"loc":{"start":{"line":147,"column":16},"end":{"line":155,"column":17}},"type":"if","locations":[{"start":{"line":147,"column":16},"end":{"line":155,"column":17}},{"start":{"line":149,"column":23},"end":{"line":155,"column":17}}],"line":147},"12":{"loc":{"start":{"line":149,"column":23},"end":{"line":155,"column":17}},"type":"if","locations":[{"start":{"line":149,"column":23},"end":{"line":155,"column":17}},{"start":{"line":151,"column":23},"end":{"line":155,"column":17}}],"line":149},"13":{"loc":{"start":{"line":151,"column":23},"end":{"line":155,"column":17}},"type":"if","locations":[{"start":{"line":151,"column":23},"end":{"line":155,"column":17}},{"start":{"line":153,"column":23},"end":{"line":155,"column":17}}],"line":151},"14":{"loc":{"start":{"line":153,"column":23},"end":{"line":155,"column":17}},"type":"if","locations":[{"start":{"line":153,"column":23},"end":{"line":155,"column":17}},{"start":{},"end":{}}],"line":153},"15":{"loc":{"start":{"line":156,"column":19},"end":{"line":159,"column":13}},"type":"if","locations":[{"start":{"line":156,"column":19},"end":{"line":159,"column":13}},{"start":{},"end":{}}],"line":156},"16":{"loc":{"start":{"line":165,"column":17},"end":{"line":165,"column":31}},"type":"default-arg","locations":[{"start":{"line":165,"column":28},"end":{"line":165,"column":31}}],"line":165},"17":{"loc":{"start":{"line":166,"column":8},"end":{"line":166,"column":59}},"type":"if","locations":[{"start":{"line":166,"column":8},"end":{"line":166,"column":59}},{"start":{},"end":{}}],"line":166},"18":{"loc":{"start":{"line":166,"column":12},"end":{"line":166,"column":50}},"type":"binary-expr","locations":[{"start":{"line":166,"column":12},"end":{"line":166,"column":30}},{"start":{"line":166,"column":34},"end":{"line":166,"column":50}}],"line":166},"19":{"loc":{"start":{"line":169,"column":8},"end":{"line":171,"column":9}},"type":"if","locations":[{"start":{"line":169,"column":8},"end":{"line":171,"column":9}},{"start":{},"end":{}}],"line":169},"20":{"loc":{"start":{"line":183,"column":8},"end":{"line":183,"column":39}},"type":"if","locations":[{"start":{"line":183,"column":8},"end":{"line":183,"column":39}},{"start":{},"end":{}}],"line":183},"21":{"loc":{"start":{"line":187,"column":12},"end":{"line":191,"column":13}},"type":"if","locations":[{"start":{"line":187,"column":12},"end":{"line":191,"column":13}},{"start":{},"end":{}}],"line":187},"22":{"loc":{"start":{"line":234,"column":8},"end":{"line":236,"column":9}},"type":"if","locations":[{"start":{"line":234,"column":8},"end":{"line":236,"column":9}},{"start":{},"end":{}}],"line":234},"23":{"loc":{"start":{"line":281,"column":8},"end":{"line":283,"column":9}},"type":"if","locations":[{"start":{"line":281,"column":8},"end":{"line":283,"column":9}},{"start":{},"end":{}}],"line":281},"24":{"loc":{"start":{"line":286,"column":8},"end":{"line":288,"column":9}},"type":"if","locations":[{"start":{"line":286,"column":8},"end":{"line":288,"column":9}},{"start":{},"end":{}}],"line":286},"25":{"loc":{"start":{"line":292,"column":8},"end":{"line":305,"column":9}},"type":"if","locations":[{"start":{"line":292,"column":8},"end":{"line":305,"column":9}},{"start":{},"end":{}}],"line":292},"26":{"loc":{"start":{"line":309,"column":8},"end":{"line":331,"column":9}},"type":"if","locations":[{"start":{"line":309,"column":8},"end":{"line":331,"column":9}},{"start":{},"end":{}}],"line":309},"27":{"loc":{"start":{"line":320,"column":12},"end":{"line":328,"column":13}},"type":"if","locations":[{"start":{"line":320,"column":12},"end":{"line":328,"column":13}},{"start":{"line":326,"column":19},"end":{"line":328,"column":13}}],"line":320},"28":{"loc":{"start":{"line":336,"column":8},"end":{"line":340,"column":9}},"type":"if","locations":[{"start":{"line":336,"column":8},"end":{"line":340,"column":9}},{"start":{},"end":{}}],"line":336},"29":{"loc":{"start":{"line":346,"column":12},"end":{"line":357,"column":13}},"type":"if","locations":[{"start":{"line":346,"column":12},"end":{"line":357,"column":13}},{"start":{},"end":{}}],"line":346},"30":{"loc":{"start":{"line":394,"column":8},"end":{"line":396,"column":9}},"type":"if","locations":[{"start":{"line":394,"column":8},"end":{"line":396,"column":9}},{"start":{},"end":{}}],"line":394},"31":{"loc":{"start":{"line":399,"column":8},"end":{"line":401,"column":9}},"type":"if","locations":[{"start":{"line":399,"column":8},"end":{"line":401,"column":9}},{"start":{},"end":{}}],"line":399},"32":{"loc":{"start":{"line":413,"column":12},"end":{"line":413,"column":54}},"type":"if","locations":[{"start":{"line":413,"column":12},"end":{"line":413,"column":54}},{"start":{},"end":{}}],"line":413},"33":{"loc":{"start":{"line":414,"column":12},"end":{"line":414,"column":50}},"type":"if","locations":[{"start":{"line":414,"column":12},"end":{"line":414,"column":50}},{"start":{},"end":{}}],"line":414},"34":{"loc":{"start":{"line":431,"column":8},"end":{"line":434,"column":9}},"type":"if","locations":[{"start":{"line":431,"column":8},"end":{"line":434,"column":9}},{"start":{},"end":{}}],"line":431},"35":{"loc":{"start":{"line":464,"column":8},"end":{"line":474,"column":9}},"type":"if","locations":[{"start":{"line":464,"column":8},"end":{"line":474,"column":9}},{"start":{"line":472,"column":15},"end":{"line":474,"column":9}}],"line":464},"36":{"loc":{"start":{"line":464,"column":12},"end":{"line":464,"column":72}},"type":"binary-expr","locations":[{"start":{"line":464,"column":12},"end":{"line":464,"column":29}},{"start":{"line":464,"column":33},"end":{"line":464,"column":72}}],"line":464},"37":{"loc":{"start":{"line":496,"column":8},"end":{"line":502,"column":9}},"type":"if","locations":[{"start":{"line":496,"column":8},"end":{"line":502,"column":9}},{"start":{"line":498,"column":15},"end":{"line":502,"column":9}}],"line":496},"38":{"loc":{"start":{"line":498,"column":15},"end":{"line":502,"column":9}},"type":"if","locations":[{"start":{"line":498,"column":15},"end":{"line":502,"column":9}},{"start":{"line":500,"column":15},"end":{"line":502,"column":9}}],"line":498},"39":{"loc":{"start":{"line":548,"column":53},"end":{"line":548,"column":105}},"type":"binary-expr","locations":[{"start":{"line":548,"column":53},"end":{"line":548,"column":74}},{"start":{"line":548,"column":78},"end":{"line":548,"column":105}}],"line":548},"40":{"loc":{"start":{"line":549,"column":54},"end":{"line":549,"column":97}},"type":"cond-expr","locations":[{"start":{"line":549,"column":76},"end":{"line":549,"column":86}},{"start":{"line":549,"column":89},"end":{"line":549,"column":97}}],"line":549}},"s":{"0":34,"1":34,"2":34,"3":34,"4":34,"5":34,"6":34,"7":34,"8":34,"9":34,"10":34,"11":34,"12":0,"13":0,"14":0,"15":0,"16":0,"17":0,"18":34,"19":0,"20":0,"21":0,"22":0,"23":0,"24":0,"25":0,"26":0,"27":0,"28":0,"29":0,"30":0,"31":0,"32":0,"33":0,"34":0,"35":0,"36":7,"37":0,"38":7,"39":7,"40":1,"41":1,"42":1,"43":0,"44":6,"45":1,"46":1,"47":1,"48":0,"49":0,"50":5,"51":1,"52":1,"53":1,"54":0,"55":4,"56":1,"57":3,"58":1,"59":1,"60":1,"61":0,"62":0,"63":0,"64":0,"65":0,"66":0,"67":2,"68":1,"69":1,"70":3,"71":10,"72":10,"73":0,"74":0,"75":0,"76":0,"77":0,"78":0,"79":0,"80":1,"81":0,"82":1,"83":1,"84":1,"85":0,"86":0,"87":0,"88":0,"89":5,"90":5,"91":5,"92":0,"93":0,"94":0,"95":0,"96":0,"97":0,"98":0,"99":0,"100":0,"101":0,"102":0,"103":0,"104":0,"105":0,"106":0,"107":0,"108":5,"109":5,"110":0,"111":0,"112":0,"113":0,"114":0,"115":0,"116":0,"117":0,"118":0,"119":0,"120":0,"121":0,"122":0,"123":0,"124":0,"125":0,"126":0,"127":0,"128":0,"129":0,"130":0,"131":0,"132":0,"133":0,"134":0,"135":0,"136":0,"137":0,"138":0,"139":0,"140":0,"141":0,"142":0,"143":0,"144":0,"145":0,"146":0,"147":0,"148":0,"149":0,"150":0,"151":0,"152":0,"153":0,"154":0,"155":0,"156":0,"157":0,"158":0,"159":0,"160":0,"161":0,"162":0,"163":0,"164":0,"165":0,"166":0,"167":0,"168":0,"169":0,"170":0,"171":0,"172":0,"173":0,"174":0,"175":0,"176":0,"177":0,"178":0,"179":0,"180":0,"181":0,"182":0,"183":0,"184":0,"185":0,"186":0,"187":0,"188":0,"189":0,"190":0,"191":0,"192":0,"193":0,"194":0,"195":0,"196":0,"197":1,"198":1,"199":0,"200":0,"201":1,"202":1,"203":0,"204":0,"205":0,"206":0,"207":0,"208":0,"209":0,"210":0,"211":0,"212":0,"213":0,"214":0,"215":1,"216":1,"217":1,"218":0,"219":0,"220":0,"221":0,"222":0,"223":1,"224":1,"225":1,"226":1,"227":1,"228":0,"229":0,"230":0,"231":2,"232":2,"233":2,"234":2,"235":2,"236":2,"237":0,"238":2,"239":0,"240":2,"241":2,"242":2,"243":2,"244":0,"245":0,"246":0,"247":0,"248":0,"249":0,"250":0,"251":0,"252":0,"253":0,"254":0,"255":0,"256":2,"257":2,"258":2,"259":0,"260":0,"261":1,"262":1,"263":1,"264":1,"265":1,"266":1,"267":1,"268":1,"269":1,"270":1},"f":{"0":34,"1":34,"2":0,"3":7,"4":10,"5":1,"6":5,"7":0,"8":5,"9":0,"10":0,"11":0,"12":0,"13":0,"14":0,"15":0,"16":0,"17":0,"18":0,"19":0,"20":0,"21":1,"22":0,"23":1,"24":0,"25":0,"26":1,"27":2,"28":2,"29":2,"30":1,"31":1},"b":{"0":[34,0],"1":[0,7],"2":[1,6],"3":[1,0],"4":[1,5],"5":[1,0],"6":[0,0],"7":[1,4],"8":[1,0],"9":[1,3],"10":[1,2],"11":[1,0],"12":[0,0],"13":[0,0],"14":[0,0],"15":[1,1],"16":[9],"17":[10,0],"18":[10,10],"19":[0,0],"20":[0,1],"21":[0,1],"22":[0,0],"23":[0,0],"24":[0,0],"25":[0,0],"26":[0,0],"27":[0,0],"28":[0,0],"29":[0,0],"30":[0,0],"31":[0,0],"32":[0,0],"33":[0,0],"34":[0,1],"35":[0,1],"36":[1,1],"37":[0,2],"38":[0,2],"39":[1,0],"40":[1,0]},"_coverageSchema":"1a1c01bbd47fc00a2c39e90264f33305004495a9","hash":"a5970c67132d845c429823e5f0ae695aa5be47cf"}
,"/Users/mwchapel/PERSONALDEV/synth/src/components/DebugPanel.js": {"path":"/Users/mwchapel/PERSONALDEV/synth/src/components/DebugPanel.js","statementMap":{"0":{"start":{"line":4,"column":28},"end":{"line":11,"column":1}},"1":{"start":{"line":13,"column":19},"end":{"line":19,"column":1}},"2":{"start":{"line":21,"column":20},"end":{"line":27,"column":1}},"3":{"start":{"line":29,"column":19},"end":{"line":59,"column":1}},"4":{"start":{"line":61,"column":20},"end":{"line":72,"column":1}},"5":{"start":{"line":74,"column":21},"end":{"line":89,"column":1}},"6":{"start":{"line":92,"column":44},"end":{"line":94,"column":4}},"7":{"start":{"line":96,"column":26},"end":{"line":108,"column":3}},"8":{"start":{"line":97,"column":23},"end":{"line":101,"column":5}},"9":{"start":{"line":103,"column":4},"end":{"line":107,"column":7}},"10":{"start":{"line":104,"column":22},"end":{"line":104,"column":43}},"11":{"start":{"line":106,"column":6},"end":{"line":106,"column":32}},"12":{"start":{"line":110,"column":25},"end":{"line":118,"column":3}},"13":{"start":{"line":111,"column":4},"end":{"line":111,"column":64}},"14":{"start":{"line":112,"column":4},"end":{"line":117,"column":5}},"15":{"start":{"line":113,"column":6},"end":{"line":113,"column":27}},"16":{"start":{"line":114,"column":6},"end":{"line":114,"column":86}},"17":{"start":{"line":116,"column":6},"end":{"line":116,"column":69}},"18":{"start":{"line":120,"column":28},"end":{"line":128,"column":3}},"19":{"start":{"line":121,"column":4},"end":{"line":121,"column":66}},"20":{"start":{"line":122,"column":4},"end":{"line":127,"column":5}},"21":{"start":{"line":123,"column":6},"end":{"line":123,"column":26}},"22":{"start":{"line":124,"column":6},"end":{"line":124,"column":86}},"23":{"start":{"line":126,"column":6},"end":{"line":126,"column":72}},"24":{"start":{"line":130,"column":25},"end":{"line":138,"column":3}},"25":{"start":{"line":131,"column":4},"end":{"line":131,"column":72}},"26":{"start":{"line":132,"column":4},"end":{"line":137,"column":5}},"27":{"start":{"line":133,"column":6},"end":{"line":133,"column":29}},"28":{"start":{"line":134,"column":6},"end":{"line":134,"column":95}},"29":{"start":{"line":136,"column":6},"end":{"line":136,"column":72}},"30":{"start":{"line":140,"column":28},"end":{"line":169,"column":3}},"31":{"start":{"line":141,"column":4},"end":{"line":141,"column":68}},"32":{"start":{"line":143,"column":4},"end":{"line":146,"column":5}},"33":{"start":{"line":144,"column":6},"end":{"line":144,"column":61}},"34":{"start":{"line":145,"column":6},"end":{"line":145,"column":13}},"35":{"start":{"line":148,"column":19},"end":{"line":155,"column":5}},"36":{"start":{"line":157,"column":4},"end":{"line":157,"column":49}},"37":{"start":{"line":158,"column":4},"end":{"line":159,"column":83}},"38":{"start":{"line":160,"column":4},"end":{"line":160,"column":71}},"39":{"start":{"line":161,"column":4},"end":{"line":161,"column":72}},"40":{"start":{"line":162,"column":4},"end":{"line":162,"column":75}},"41":{"start":{"line":163,"column":4},"end":{"line":163,"column":66}},"42":{"start":{"line":164,"column":4},"end":{"line":164,"column":72}},"43":{"start":{"line":166,"column":4},"end":{"line":168,"column":5}},"44":{"start":{"line":167,"column":6},"end":{"line":167,"column":116}},"45":{"start":{"line":171,"column":2},"end":{"line":196,"column":4}},"46":{"start":{"line":190,"column":10},"end":{"line":192,"column":25}}},"fnMap":{"0":{"name":"DebugPanel","decl":{"start":{"line":91,"column":9},"end":{"line":91,"column":19}},"loc":{"start":{"line":91,"column":67},"end":{"line":197,"column":1}},"line":91},"1":{"name":"(anonymous_1)","decl":{"start":{"line":96,"column":26},"end":{"line":96,"column":27}},"loc":{"start":{"line":96,"column":51},"end":{"line":108,"column":3}},"line":96},"2":{"name":"(anonymous_2)","decl":{"start":{"line":103,"column":21},"end":{"line":103,"column":22}},"loc":{"start":{"line":103,"column":29},"end":{"line":107,"column":5}},"line":103},"3":{"name":"(anonymous_3)","decl":{"start":{"line":110,"column":25},"end":{"line":110,"column":26}},"loc":{"start":{"line":110,"column":31},"end":{"line":118,"column":3}},"line":110},"4":{"name":"(anonymous_4)","decl":{"start":{"line":120,"column":28},"end":{"line":120,"column":29}},"loc":{"start":{"line":120,"column":34},"end":{"line":128,"column":3}},"line":120},"5":{"name":"(anonymous_5)","decl":{"start":{"line":130,"column":25},"end":{"line":130,"column":26}},"loc":{"start":{"line":130,"column":31},"end":{"line":138,"column":3}},"line":130},"6":{"name":"(anonymous_6)","decl":{"start":{"line":140,"column":28},"end":{"line":140,"column":29}},"loc":{"start":{"line":140,"column":34},"end":{"line":169,"column":3}},"line":140},"7":{"name":"(anonymous_7)","decl":{"start":{"line":189,"column":27},"end":{"line":189,"column":28}},"loc":{"start":{"line":190,"column":10},"end":{"line":192,"column":25}},"line":190}},"branchMap":{"0":{"loc":{"start":{"line":96,"column":33},"end":{"line":96,"column":46}},"type":"default-arg","locations":[{"start":{"line":96,"column":40},"end":{"line":96,"column":46}}],"line":96},"1":{"loc":{"start":{"line":112,"column":4},"end":{"line":117,"column":5}},"type":"if","locations":[{"start":{"line":112,"column":4},"end":{"line":117,"column":5}},{"start":{"line":115,"column":11},"end":{"line":117,"column":5}}],"line":112},"2":{"loc":{"start":{"line":122,"column":4},"end":{"line":127,"column":5}},"type":"if","locations":[{"start":{"line":122,"column":4},"end":{"line":127,"column":5}},{"start":{"line":125,"column":11},"end":{"line":127,"column":5}}],"line":122},"3":{"loc":{"start":{"line":132,"column":4},"end":{"line":137,"column":5}},"type":"if","locations":[{"start":{"line":132,"column":4},"end":{"line":137,"column":5}},{"start":{"line":135,"column":11},"end":{"line":137,"column":5}}],"line":132},"4":{"loc":{"start":{"line":143,"column":4},"end":{"line":146,"column":5}},"type":"if","locations":[{"start":{"line":143,"column":4},"end":{"line":146,"column":5}},{"start":{},"end":{}}],"line":143},"5":{"loc":{"start":{"line":149,"column":25},"end":{"line":149,"column":63}},"type":"binary-expr","locations":[{"start":{"line":149,"column":25},"end":{"line":149,"column":50}},{"start":{"line":149,"column":54},"end":{"line":149,"column":63}}],"line":149},"6":{"loc":{"start":{"line":150,"column":18},"end":{"line":150,"column":57}},"type":"binary-expr","locations":[{"start":{"line":150,"column":18},"end":{"line":150,"column":48}},{"start":{"line":150,"column":52},"end":{"line":150,"column":57}}],"line":150},"7":{"loc":{"start":{"line":151,"column":20},"end":{"line":151,"column":53}},"type":"binary-expr","locations":[{"start":{"line":151,"column":20},"end":{"line":151,"column":44}},{"start":{"line":151,"column":48},"end":{"line":151,"column":53}}],"line":151},"8":{"loc":{"start":{"line":152,"column":20},"end":{"line":152,"column":55}},"type":"binary-expr","locations":[{"start":{"line":152,"column":20},"end":{"line":152,"column":46}},{"start":{"line":152,"column":50},"end":{"line":152,"column":55}}],"line":152},"9":{"loc":{"start":{"line":153,"column":17},"end":{"line":153,"column":62}},"type":"binary-expr","locations":[{"start":{"line":153,"column":17},"end":{"line":153,"column":53}},{"start":{"line":153,"column":57},"end":{"line":153,"column":62}}],"line":153},"10":{"loc":{"start":{"line":154,"column":20},"end":{"line":154,"column":49}},"type":"binary-expr","locations":[{"start":{"line":154,"column":20},"end":{"line":154,"column":44}},{"start":{"line":154,"column":48},"end":{"line":154,"column":49}}],"line":154},"11":{"loc":{"start":{"line":159,"column":19},"end":{"line":159,"column":81}},"type":"cond-expr","locations":[{"start":{"line":159,"column":60},"end":{"line":159,"column":69}},{"start":{"line":159,"column":72},"end":{"line":159,"column":81}}],"line":159},"12":{"loc":{"start":{"line":166,"column":4},"end":{"line":168,"column":5}},"type":"if","locations":[{"start":{"line":166,"column":4},"end":{"line":168,"column":5}},{"start":{},"end":{}}],"line":166}},"s":{"0":0,"1":0,"2":0,"3":0,"4":0,"5":0,"6":0,"7":0,"8":0,"9":0,"10":0,"11":0,"12":0,"13":0,"14":0,"15":0,"16":0,"17":0,"18":0,"19":0,"20":0,"21":0,"22":0,"23":0,"24":0,"25":0,"26":0,"27":0,"28":0,"29":0,"30":0,"31":0,"32":0,"33":0,"34":0,"35":0,"36":0,"37":0,"38":0,"39":0,"40":0,"41":0,"42":0,"43":0,"44":0,"45":0,"46":0},"f":{"0":0,"1":0,"2":0,"3":0,"4":0,"5":0,"6":0,"7":0},"b":{"0":[0],"1":[0,0],"2":[0,0],"3":[0,0],"4":[0,0],"5":[0,0],"6":[0,0],"7":[0,0],"8":[0,0],"9":[0,0],"10":[0,0],"11":[0,0],"12":[0,0]}}
,"/Users/mwchapel/PERSONALDEV/synth/src/components/Header.js": {"path":"/Users/mwchapel/PERSONALDEV/synth/src/components/Header.js","statementMap":{"0":{"start":{"line":4,"column":24},"end":{"line":14,"column":1}},"1":{"start":{"line":16,"column":14},"end":{"line":23,"column":1}},"2":{"start":{"line":25,"column":20},"end":{"line":40,"column":1}},"3":{"start":{"line":42,"column":24},"end":{"line":50,"column":1}},"4":{"start":{"line":48,"column":25},"end":{"line":48,"column":75}},"5":{"start":{"line":49,"column":33},"end":{"line":49,"column":83}},"6":{"start":{"line":53,"column":22},"end":{"line":53,"column":66}},"7":{"start":{"line":55,"column":2},"end":{"line":68,"column":4}},"8":{"start":{"line":59,"column":36},"end":{"line":59,"column":60}}},"fnMap":{"0":{"name":"(anonymous_0)","decl":{"start":{"line":48,"column":16},"end":{"line":48,"column":17}},"loc":{"start":{"line":48,"column":25},"end":{"line":48,"column":75}},"line":48},"1":{"name":"(anonymous_1)","decl":{"start":{"line":49,"column":24},"end":{"line":49,"column":25}},"loc":{"start":{"line":49,"column":33},"end":{"line":49,"column":83}},"line":49},"2":{"name":"Header","decl":{"start":{"line":52,"column":9},"end":{"line":52,"column":15}},"loc":{"start":{"line":52,"column":57},"end":{"line":69,"column":1}},"line":52},"3":{"name":"(anonymous_3)","decl":{"start":{"line":59,"column":30},"end":{"line":59,"column":31}},"loc":{"start":{"line":59,"column":36},"end":{"line":59,"column":60}},"line":59}},"branchMap":{"0":{"loc":{"start":{"line":48,"column":25},"end":{"line":48,"column":75}},"type":"cond-expr","locations":[{"start":{"line":48,"column":54},"end":{"line":48,"column":63}},{"start":{"line":48,"column":66},"end":{"line":48,"column":75}}],"line":48},"1":{"loc":{"start":{"line":49,"column":33},"end":{"line":49,"column":83}},"type":"cond-expr","locations":[{"start":{"line":49,"column":62},"end":{"line":49,"column":71}},{"start":{"line":49,"column":74},"end":{"line":49,"column":83}}],"line":49},"2":{"loc":{"start":{"line":53,"column":22},"end":{"line":53,"column":66}},"type":"binary-expr","locations":[{"start":{"line":53,"column":22},"end":{"line":53,"column":53}},{"start":{"line":53,"column":57},"end":{"line":53,"column":66}}],"line":53},"3":{"loc":{"start":{"line":60,"column":11},"end":{"line":60,"column":56}},"type":"cond-expr","locations":[{"start":{"line":60,"column":23},"end":{"line":60,"column":38}},{"start":{"line":60,"column":41},"end":{"line":60,"column":56}}],"line":60}},"s":{"0":0,"1":0,"2":0,"3":0,"4":0,"5":0,"6":0,"7":0,"8":0},"f":{"0":0,"1":0,"2":0,"3":0},"b":{"0":[0,0],"1":[0,0],"2":[0,0],"3":[0,0]}}
,"/Users/mwchapel/PERSONALDEV/synth/src/hooks/useDrumMachine.js": {"path":"/Users/mwchapel/PERSONALDEV/synth/src/hooks/useDrumMachine.js","statementMap":{"0":{"start":{"line":5,"column":40},"end":{"line":5,"column":54}},"1":{"start":{"line":6,"column":36},"end":{"line":15,"column":4}},"2":{"start":{"line":17,"column":25},"end":{"line":17,"column":37}},"3":{"start":{"line":20,"column":2},"end":{"line":43,"column":9}},"4":{"start":{"line":21,"column":4},"end":{"line":21,"column":40}},"5":{"start":{"line":21,"column":33},"end":{"line":21,"column":40}},"6":{"start":{"line":23,"column":28},"end":{"line":33,"column":5}},"7":{"start":{"line":24,"column":6},"end":{"line":32,"column":7}},"8":{"start":{"line":25,"column":8},"end":{"line":25,"column":62}},"9":{"start":{"line":26,"column":31},"end":{"line":26,"column":118}},"10":{"start":{"line":27,"column":8},"end":{"line":27,"column":48}},"11":{"start":{"line":28,"column":8},"end":{"line":28,"column":39}},"12":{"start":{"line":29,"column":8},"end":{"line":29,"column":50}},"13":{"start":{"line":31,"column":8},"end":{"line":31,"column":69}},"14":{"start":{"line":35,"column":4},"end":{"line":35,"column":22}},"15":{"start":{"line":37,"column":4},"end":{"line":42,"column":6}},"16":{"start":{"line":38,"column":6},"end":{"line":41,"column":7}},"17":{"start":{"line":39,"column":8},"end":{"line":39,"column":38}},"18":{"start":{"line":40,"column":8},"end":{"line":40,"column":38}},"19":{"start":{"line":46,"column":26},"end":{"line":65,"column":8}},"20":{"start":{"line":47,"column":4},"end":{"line":47,"column":40}},"21":{"start":{"line":47,"column":33},"end":{"line":47,"column":40}},"22":{"start":{"line":49,"column":4},"end":{"line":64,"column":7}},"23":{"start":{"line":50,"column":23},"end":{"line":50,"column":34}},"24":{"start":{"line":52,"column":6},"end":{"line":58,"column":7}},"25":{"start":{"line":53,"column":8},"end":{"line":53,"column":31}},"26":{"start":{"line":54,"column":13},"end":{"line":58,"column":7}},"27":{"start":{"line":55,"column":8},"end":{"line":55,"column":33}},"28":{"start":{"line":57,"column":8},"end":{"line":57,"column":63}},"29":{"start":{"line":61,"column":6},"end":{"line":61,"column":61}},"30":{"start":{"line":63,"column":6},"end":{"line":63,"column":22}},"31":{"start":{"line":68,"column":25},"end":{"line":73,"column":8}},"32":{"start":{"line":69,"column":4},"end":{"line":72,"column":5}},"33":{"start":{"line":70,"column":6},"end":{"line":70,"column":37}},"34":{"start":{"line":71,"column":6},"end":{"line":71,"column":59}},"35":{"start":{"line":71,"column":28},"end":{"line":71,"column":56}},"36":{"start":{"line":76,"column":24},"end":{"line":81,"column":8}},"37":{"start":{"line":77,"column":4},"end":{"line":80,"column":5}},"38":{"start":{"line":78,"column":6},"end":{"line":78,"column":36}},"39":{"start":{"line":79,"column":6},"end":{"line":79,"column":60}},"40":{"start":{"line":79,"column":28},"end":{"line":79,"column":57}},"41":{"start":{"line":84,"column":28},"end":{"line":96,"column":8}},"42":{"start":{"line":85,"column":4},"end":{"line":85,"column":40}},"43":{"start":{"line":85,"column":33},"end":{"line":85,"column":40}},"44":{"start":{"line":87,"column":4},"end":{"line":95,"column":7}},"45":{"start":{"line":88,"column":25},"end":{"line":88,"column":42}},"46":{"start":{"line":89,"column":6},"end":{"line":89,"column":43}},"47":{"start":{"line":92,"column":6},"end":{"line":92,"column":55}},"48":{"start":{"line":94,"column":6},"end":{"line":94,"column":46}},"49":{"start":{"line":98,"column":2},"end":{"line":105,"column":4}}},"fnMap":{"0":{"name":"useDrumMachine","decl":{"start":{"line":4,"column":16},"end":{"line":4,"column":30}},"loc":{"start":{"line":4,"column":33},"end":{"line":106,"column":1}},"line":4},"1":{"name":"(anonymous_1)","decl":{"start":{"line":20,"column":12},"end":{"line":20,"column":13}},"loc":{"start":{"line":20,"column":18},"end":{"line":43,"column":3}},"line":20},"2":{"name":"(anonymous_2)","decl":{"start":{"line":23,"column":28},"end":{"line":23,"column":29}},"loc":{"start":{"line":23,"column":40},"end":{"line":33,"column":5}},"line":23},"3":{"name":"(anonymous_3)","decl":{"start":{"line":37,"column":11},"end":{"line":37,"column":12}},"loc":{"start":{"line":37,"column":17},"end":{"line":42,"column":5}},"line":37},"4":{"name":"(anonymous_4)","decl":{"start":{"line":46,"column":38},"end":{"line":46,"column":39}},"loc":{"start":{"line":46,"column":62},"end":{"line":65,"column":3}},"line":46},"5":{"name":"(anonymous_5)","decl":{"start":{"line":49,"column":17},"end":{"line":49,"column":18}},"loc":{"start":{"line":49,"column":25},"end":{"line":64,"column":5}},"line":49},"6":{"name":"(anonymous_6)","decl":{"start":{"line":68,"column":37},"end":{"line":68,"column":38}},"loc":{"start":{"line":68,"column":43},"end":{"line":73,"column":3}},"line":68},"7":{"name":"(anonymous_7)","decl":{"start":{"line":71,"column":19},"end":{"line":71,"column":20}},"loc":{"start":{"line":71,"column":28},"end":{"line":71,"column":56}},"line":71},"8":{"name":"(anonymous_8)","decl":{"start":{"line":76,"column":36},"end":{"line":76,"column":37}},"loc":{"start":{"line":76,"column":42},"end":{"line":81,"column":3}},"line":76},"9":{"name":"(anonymous_9)","decl":{"start":{"line":79,"column":19},"end":{"line":79,"column":20}},"loc":{"start":{"line":79,"column":28},"end":{"line":79,"column":57}},"line":79},"10":{"name":"(anonymous_10)","decl":{"start":{"line":84,"column":40},"end":{"line":84,"column":41}},"loc":{"start":{"line":84,"column":50},"end":{"line":96,"column":3}},"line":84},"11":{"name":"(anonymous_11)","decl":{"start":{"line":87,"column":17},"end":{"line":87,"column":18}},"loc":{"start":{"line":87,"column":25},"end":{"line":95,"column":5}},"line":87}},"branchMap":{"0":{"loc":{"start":{"line":21,"column":4},"end":{"line":21,"column":40}},"type":"if","locations":[{"start":{"line":21,"column":4},"end":{"line":21,"column":40}},{"start":{},"end":{}}],"line":21},"1":{"loc":{"start":{"line":38,"column":6},"end":{"line":41,"column":7}},"type":"if","locations":[{"start":{"line":38,"column":6},"end":{"line":41,"column":7}},{"start":{},"end":{}}],"line":38},"2":{"loc":{"start":{"line":47,"column":4},"end":{"line":47,"column":40}},"type":"if","locations":[{"start":{"line":47,"column":4},"end":{"line":47,"column":40}},{"start":{},"end":{}}],"line":47},"3":{"loc":{"start":{"line":52,"column":6},"end":{"line":58,"column":7}},"type":"if","locations":[{"start":{"line":52,"column":6},"end":{"line":58,"column":7}},{"start":{"line":54,"column":13},"end":{"line":58,"column":7}}],"line":52},"4":{"loc":{"start":{"line":52,"column":10},"end":{"line":52,"column":47}},"type":"binary-expr","locations":[{"start":{"line":52,"column":10},"end":{"line":52,"column":26}},{"start":{"line":52,"column":30},"end":{"line":52,"column":47}}],"line":52},"5":{"loc":{"start":{"line":54,"column":13},"end":{"line":58,"column":7}},"type":"if","locations":[{"start":{"line":54,"column":13},"end":{"line":58,"column":7}},{"start":{"line":56,"column":13},"end":{"line":58,"column":7}}],"line":54},"6":{"loc":{"start":{"line":69,"column":4},"end":{"line":72,"column":5}},"type":"if","locations":[{"start":{"line":69,"column":4},"end":{"line":72,"column":5}},{"start":{},"end":{}}],"line":69},"7":{"loc":{"start":{"line":77,"column":4},"end":{"line":80,"column":5}},"type":"if","locations":[{"start":{"line":77,"column":4},"end":{"line":80,"column":5}},{"start":{},"end":{}}],"line":77},"8":{"loc":{"start":{"line":85,"column":4},"end":{"line":85,"column":40}},"type":"if","locations":[{"start":{"line":85,"column":4},"end":{"line":85,"column":40}},{"start":{},"end":{}}],"line":85}},"s":{"0":0,"1":0,"2":0,"3":0,"4":0,"5":0,"6":0,"7":0,"8":0,"9":0,"10":0,"11":0,"12":0,"13":0,"14":0,"15":0,"16":0,"17":0,"18":0,"19":0,"20":0,"21":0,"22":0,"23":0,"24":0,"25":0,"26":0,"27":0,"28":0,"29":0,"30":0,"31":0,"32":0,"33":0,"34":0,"35":0,"36":0,"37":0,"38":0,"39":0,"40":0,"41":0,"42":0,"43":0,"44":0,"45":0,"46":0,"47":0,"48":0,"49":0},"f":{"0":0,"1":0,"2":0,"3":0,"4":0,"5":0,"6":0,"7":0,"8":0,"9":0,"10":0,"11":0},"b":{"0":[0,0],"1":[0,0],"2":[0,0],"3":[0,0],"4":[0,0],"5":[0,0],"6":[0,0],"7":[0,0],"8":[0,0]}}
,"/Users/mwchapel/PERSONALDEV/synth/src/hooks/useSynth.js": {"path":"/Users/mwchapel/PERSONALDEV/synth/src/hooks/useSynth.js","statementMap":{"0":{"start":{"line":5,"column":28},"end":{"line":5,"column":42}},"1":{"start":{"line":6,"column":38},"end":{"line":44,"column":4}},"2":{"start":{"line":46,"column":19},"end":{"line":46,"column":31}},"3":{"start":{"line":49,"column":2},"end":{"line":70,"column":9}},"4":{"start":{"line":50,"column":22},"end":{"line":60,"column":5}},"5":{"start":{"line":51,"column":6},"end":{"line":59,"column":7}},"6":{"start":{"line":52,"column":8},"end":{"line":52,"column":64}},"7":{"start":{"line":53,"column":25},"end":{"line":53,"column":52}},"8":{"start":{"line":54,"column":8},"end":{"line":54,"column":36}},"9":{"start":{"line":55,"column":8},"end":{"line":55,"column":27}},"10":{"start":{"line":56,"column":8},"end":{"line":56,"column":49}},"11":{"start":{"line":58,"column":8},"end":{"line":58,"column":68}},"12":{"start":{"line":62,"column":4},"end":{"line":62,"column":16}},"13":{"start":{"line":64,"column":4},"end":{"line":69,"column":6}},"14":{"start":{"line":65,"column":6},"end":{"line":68,"column":7}},"15":{"start":{"line":66,"column":8},"end":{"line":66,"column":41}},"16":{"start":{"line":67,"column":8},"end":{"line":67,"column":32}},"17":{"start":{"line":73,"column":22},"end":{"line":108,"column":8}},"18":{"start":{"line":74,"column":4},"end":{"line":74,"column":34}},"19":{"start":{"line":74,"column":27},"end":{"line":74,"column":34}},"20":{"start":{"line":76,"column":4},"end":{"line":107,"column":7}},"21":{"start":{"line":77,"column":23},"end":{"line":77,"column":34}},"22":{"start":{"line":79,"column":6},"end":{"line":101,"column":7}},"23":{"start":{"line":80,"column":8},"end":{"line":85,"column":9}},"24":{"start":{"line":81,"column":30},"end":{"line":81,"column":46}},"25":{"start":{"line":82,"column":10},"end":{"line":82,"column":86}},"26":{"start":{"line":84,"column":10},"end":{"line":84,"column":46}},"27":{"start":{"line":86,"column":13},"end":{"line":101,"column":7}},"28":{"start":{"line":87,"column":8},"end":{"line":87,"column":39}},"29":{"start":{"line":88,"column":13},"end":{"line":101,"column":7}},"30":{"start":{"line":89,"column":8},"end":{"line":94,"column":9}},"31":{"start":{"line":90,"column":30},"end":{"line":90,"column":46}},"32":{"start":{"line":91,"column":10},"end":{"line":91,"column":82}},"33":{"start":{"line":93,"column":10},"end":{"line":93,"column":44}},"34":{"start":{"line":95,"column":13},"end":{"line":101,"column":7}},"35":{"start":{"line":96,"column":8},"end":{"line":96,"column":36}},"36":{"start":{"line":97,"column":13},"end":{"line":101,"column":7}},"37":{"start":{"line":98,"column":8},"end":{"line":98,"column":40}},"38":{"start":{"line":99,"column":13},"end":{"line":101,"column":7}},"39":{"start":{"line":100,"column":8},"end":{"line":100,"column":38}},"40":{"start":{"line":104,"column":6},"end":{"line":104,"column":58}},"41":{"start":{"line":106,"column":6},"end":{"line":106,"column":22}},"42":{"start":{"line":111,"column":19},"end":{"line":115,"column":8}},"43":{"start":{"line":112,"column":4},"end":{"line":114,"column":5}},"44":{"start":{"line":113,"column":6},"end":{"line":113,"column":46}},"45":{"start":{"line":118,"column":19},"end":{"line":122,"column":8}},"46":{"start":{"line":119,"column":4},"end":{"line":121,"column":5}},"47":{"start":{"line":120,"column":6},"end":{"line":120,"column":37}},"48":{"start":{"line":125,"column":24},"end":{"line":129,"column":8}},"49":{"start":{"line":126,"column":4},"end":{"line":128,"column":5}},"50":{"start":{"line":127,"column":6},"end":{"line":127,"column":39}},"51":{"start":{"line":132,"column":23},"end":{"line":136,"column":8}},"52":{"start":{"line":133,"column":4},"end":{"line":135,"column":5}},"53":{"start":{"line":134,"column":6},"end":{"line":134,"column":38}},"54":{"start":{"line":139,"column":22},"end":{"line":143,"column":8}},"55":{"start":{"line":140,"column":4},"end":{"line":142,"column":5}},"56":{"start":{"line":141,"column":6},"end":{"line":141,"column":37}},"57":{"start":{"line":146,"column":25},"end":{"line":150,"column":8}},"58":{"start":{"line":147,"column":4},"end":{"line":149,"column":5}},"59":{"start":{"line":148,"column":6},"end":{"line":148,"column":40}},"60":{"start":{"line":152,"column":2},"end":{"line":162,"column":4}}},"fnMap":{"0":{"name":"useSynth","decl":{"start":{"line":4,"column":16},"end":{"line":4,"column":24}},"loc":{"start":{"line":4,"column":27},"end":{"line":163,"column":1}},"line":4},"1":{"name":"(anonymous_1)","decl":{"start":{"line":49,"column":12},"end":{"line":49,"column":13}},"loc":{"start":{"line":49,"column":18},"end":{"line":70,"column":3}},"line":49},"2":{"name":"(anonymous_2)","decl":{"start":{"line":50,"column":22},"end":{"line":50,"column":23}},"loc":{"start":{"line":50,"column":34},"end":{"line":60,"column":5}},"line":50},"3":{"name":"(anonymous_3)","decl":{"start":{"line":64,"column":11},"end":{"line":64,"column":12}},"loc":{"start":{"line":64,"column":17},"end":{"line":69,"column":5}},"line":64},"4":{"name":"(anonymous_4)","decl":{"start":{"line":73,"column":34},"end":{"line":73,"column":35}},"loc":{"start":{"line":73,"column":61},"end":{"line":108,"column":3}},"line":73},"5":{"name":"(anonymous_5)","decl":{"start":{"line":76,"column":18},"end":{"line":76,"column":19}},"loc":{"start":{"line":76,"column":26},"end":{"line":107,"column":5}},"line":76},"6":{"name":"(anonymous_6)","decl":{"start":{"line":111,"column":31},"end":{"line":111,"column":32}},"loc":{"start":{"line":111,"column":57},"end":{"line":115,"column":3}},"line":111},"7":{"name":"(anonymous_7)","decl":{"start":{"line":118,"column":31},"end":{"line":118,"column":32}},"loc":{"start":{"line":118,"column":41},"end":{"line":122,"column":3}},"line":118},"8":{"name":"(anonymous_8)","decl":{"start":{"line":125,"column":36},"end":{"line":125,"column":37}},"loc":{"start":{"line":125,"column":42},"end":{"line":129,"column":3}},"line":125},"9":{"name":"(anonymous_9)","decl":{"start":{"line":132,"column":35},"end":{"line":132,"column":36}},"loc":{"start":{"line":132,"column":41},"end":{"line":136,"column":3}},"line":132},"10":{"name":"(anonymous_10)","decl":{"start":{"line":139,"column":34},"end":{"line":139,"column":35}},"loc":{"start":{"line":139,"column":40},"end":{"line":143,"column":3}},"line":139},"11":{"name":"(anonymous_11)","decl":{"start":{"line":146,"column":37},"end":{"line":146,"column":38}},"loc":{"start":{"line":146,"column":43},"end":{"line":150,"column":3}},"line":146}},"branchMap":{"0":{"loc":{"start":{"line":65,"column":6},"end":{"line":68,"column":7}},"type":"if","locations":[{"start":{"line":65,"column":6},"end":{"line":68,"column":7}},{"start":{},"end":{}}],"line":65},"1":{"loc":{"start":{"line":74,"column":4},"end":{"line":74,"column":34}},"type":"if","locations":[{"start":{"line":74,"column":4},"end":{"line":74,"column":34}},{"start":{},"end":{}}],"line":74},"2":{"loc":{"start":{"line":79,"column":6},"end":{"line":101,"column":7}},"type":"if","locations":[{"start":{"line":79,"column":6},"end":{"line":101,"column":7}},{"start":{"line":86,"column":13},"end":{"line":101,"column":7}}],"line":79},"3":{"loc":{"start":{"line":80,"column":8},"end":{"line":85,"column":9}},"type":"if","locations":[{"start":{"line":80,"column":8},"end":{"line":85,"column":9}},{"start":{"line":83,"column":15},"end":{"line":85,"column":9}}],"line":80},"4":{"loc":{"start":{"line":86,"column":13},"end":{"line":101,"column":7}},"type":"if","locations":[{"start":{"line":86,"column":13},"end":{"line":101,"column":7}},{"start":{"line":88,"column":13},"end":{"line":101,"column":7}}],"line":86},"5":{"loc":{"start":{"line":88,"column":13},"end":{"line":101,"column":7}},"type":"if","locations":[{"start":{"line":88,"column":13},"end":{"line":101,"column":7}},{"start":{"line":95,"column":13},"end":{"line":101,"column":7}}],"line":88},"6":{"loc":{"start":{"line":89,"column":8},"end":{"line":94,"column":9}},"type":"if","locations":[{"start":{"line":89,"column":8},"end":{"line":94,"column":9}},{"start":{"line":92,"column":15},"end":{"line":94,"column":9}}],"line":89},"7":{"loc":{"start":{"line":95,"column":13},"end":{"line":101,"column":7}},"type":"if","locations":[{"start":{"line":95,"column":13},"end":{"line":101,"column":7}},{"start":{"line":97,"column":13},"end":{"line":101,"column":7}}],"line":95},"8":{"loc":{"start":{"line":97,"column":13},"end":{"line":101,"column":7}},"type":"if","locations":[{"start":{"line":97,"column":13},"end":{"line":101,"column":7}},{"start":{"line":99,"column":13},"end":{"line":101,"column":7}}],"line":97},"9":{"loc":{"start":{"line":99,"column":13},"end":{"line":101,"column":7}},"type":"if","locations":[{"start":{"line":99,"column":13},"end":{"line":101,"column":7}},{"start":{},"end":{}}],"line":99},"10":{"loc":{"start":{"line":111,"column":38},"end":{"line":111,"column":52}},"type":"default-arg","locations":[{"start":{"line":111,"column":49},"end":{"line":111,"column":52}}],"line":111},"11":{"loc":{"start":{"line":112,"column":4},"end":{"line":114,"column":5}},"type":"if","locations":[{"start":{"line":112,"column":4},"end":{"line":114,"column":5}},{"start":{},"end":{}}],"line":112},"12":{"loc":{"start":{"line":119,"column":4},"end":{"line":121,"column":5}},"type":"if","locations":[{"start":{"line":119,"column":4},"end":{"line":121,"column":5}},{"start":{},"end":{}}],"line":119},"13":{"loc":{"start":{"line":126,"column":4},"end":{"line":128,"column":5}},"type":"if","locations":[{"start":{"line":126,"column":4},"end":{"line":128,"column":5}},{"start":{},"end":{}}],"line":126},"14":{"loc":{"start":{"line":133,"column":4},"end":{"line":135,"column":5}},"type":"if","locations":[{"start":{"line":133,"column":4},"end":{"line":135,"column":5}},{"start":{},"end":{}}],"line":133},"15":{"loc":{"start":{"line":140,"column":4},"end":{"line":142,"column":5}},"type":"if","locations":[{"start":{"line":140,"column":4},"end":{"line":142,"column":5}},{"start":{},"end":{}}],"line":140},"16":{"loc":{"start":{"line":147,"column":4},"end":{"line":149,"column":5}},"type":"if","locations":[{"start":{"line":147,"column":4},"end":{"line":149,"column":5}},{"start":{},"end":{}}],"line":147}},"s":{"0":0,"1":0,"2":0,"3":0,"4":0,"5":0,"6":0,"7":0,"8":0,"9":0,"10":0,"11":0,"12":0,"13":0,"14":0,"15":0,"16":0,"17":0,"18":0,"19":0,"20":0,"21":0,"22":0,"23":0,"24":0,"25":0,"26":0,"27":0,"28":0,"29":0,"30":0,"31":0,"32":0,"33":0,"34":0,"35":0,"36":0,"37":0,"38":0,"39":0,"40":0,"41":0,"42":0,"43":0,"44":0,"45":0,"46":0,"47":0,"48":0,"49":0,"50":0,"51":0,"52":0,"53":0,"54":0,"55":0,"56":0,"57":0,"58":0,"59":0,"60":0},"f":{"0":0,"1":0,"2":0,"3":0,"4":0,"5":0,"6":0,"7":0,"8":0,"9":0,"10":0,"11":0},"b":{"0":[0,0],"1":[0,0],"2":[0,0],"3":[0,0],"4":[0,0],"5":[0,0],"6":[0,0],"7":[0,0],"8":[0,0],"9":[0,0],"10":[0],"11":[0,0],"12":[0,0],"13":[0,0],"14":[0,0],"15":[0,0],"16":[0,0]}}
}
